creating new word dictionary
Warning: new arg 'character_level' given value 'False'
model successfully loaded
switching the temperature to 1.07
Warning: new arg 'character_level' given value 'False'
model successfully loaded
teacher forcing : True
eval/train_entropy                       @ write 0 = 4.2739
batch contains 1000 / 1000 active sentences
eval/train_entropy                       @ write 1 = 4.2186
eval/train_oracle_nll                    @ write 1 = 4.2771
batch contains 1000 / 1000 active sentences
eval/train_entropy                       @ write 2 = 3.2862
batch contains 1000 / 1000 active sentences
eval/train_entropy                       @ write 3 = 3.6009
eval/train_oracle_nll                    @ write 3 = 3.2879
batch contains 1000 / 1000 active sentences
eval/train_entropy                       @ write 4 = 3.6882
batch contains 1000 / 1000 active sentences
eval/train_entropy                       @ write 5 = 3.6259
eval/train_oracle_nll                    @ write 5 = 3.5306
batch contains 1000 / 1000 active sentences
eval/train_entropy                       @ write 6 = 3.6783
batch contains 1000 / 1000 active sentences
eval/train_entropy                       @ write 7 = 3.5955
eval/train_oracle_nll                    @ write 7 = 3.6101
batch contains 1000 / 1000 active sentences
eval/train_entropy                       @ write 8 = 3.6108
batch contains 1000 / 1000 active sentences
eval/train_entropy                       @ write 9 = 3.4897
eval/train_oracle_nll                    @ write 9 = 3.5520
batch contains 1000 / 1000 active sentences
eval/train_entropy                       @ write 10 = 3.5054
batch contains 1000 / 1000 active sentences
eval/train_entropy                       @ write 11 = 3.6518
eval/train_oracle_nll                    @ write 11 = 3.3208
batch contains 1000 / 1000 active sentences
eval/train_entropy                       @ write 12 = 3.5038
batch contains 1000 / 1000 active sentences
eval/train_entropy                       @ write 13 = 3.5091
eval/train_oracle_nll                    @ write 13 = 3.4445
batch contains 1000 / 1000 active sentences
eval/train_entropy                       @ write 14 = 3.5107
batch contains 1000 / 1000 active sentences
eval/train_entropy                       @ write 15 = 3.5386
eval/train_oracle_nll                    @ write 15 = 3.4893
batch contains 1000 / 1000 active sentences
eval/train_entropy                       @ write 16 = 3.5559
batch contains 1000 / 1000 active sentences
eval/train_entropy                       @ write 17 = 3.5098
eval/train_oracle_nll                    @ write 17 = 3.4182
batch contains 1000 / 1000 active sentences
eval/train_entropy                       @ write 18 = 3.5377
batch contains 1000 / 1000 active sentences
eval/train_entropy                       @ write 19 = 3.3865
eval/train_oracle_nll                    @ write 19 = 3.3556
batch contains 993 / 1000 active sentences
eval/train_entropy                       @ write 20 = 3.2411
batch contains 973 / 1000 active sentences
eval/train_entropy                       @ write 21 = 2.8597
eval/train_oracle_nll                    @ write 21 = 3.2686
batch contains 884 / 1000 active sentences
eval/train_entropy                       @ write 22 = 2.5502
batch contains 800 / 1000 active sentences
eval/train_entropy                       @ write 23 = 2.2210
eval/train_oracle_nll                    @ write 23 = 3.0082
batch contains 711 / 1000 active sentences
eval/train_entropy                       @ write 24 = 1.9641
batch contains 621 / 1000 active sentences
eval/train_entropy                       @ write 25 = 1.6292
eval/train_oracle_nll                    @ write 25 = 3.0915
batch contains 518 / 1000 active sentences
eval/train_entropy                       @ write 26 = 1.3440
batch contains 440 / 1000 active sentences
eval/train_entropy                       @ write 27 = 1.2140
eval/train_oracle_nll                    @ write 27 = 3.0029
batch contains 379 / 1000 active sentences
eval/train_entropy                       @ write 28 = 0.9655
batch contains 325 / 1000 active sentences
eval/train_entropy                       @ write 29 = 0.8047
eval/train_oracle_nll                    @ write 29 = 2.9871
batch contains 272 / 1000 active sentences
eval/train_entropy                       @ write 30 = 0.6693
batch contains 222 / 1000 active sentences
eval/train_entropy                       @ write 31 = 0.5658
eval/train_oracle_nll                    @ write 31 = 3.2189
batch contains 186 / 1000 active sentences
eval/train_entropy                       @ write 32 = 0.4380
batch contains 154 / 1000 active sentences
eval/train_entropy                       @ write 33 = 0.3858
eval/train_oracle_nll                    @ write 33 = 2.8147
batch contains 129 / 1000 active sentences
eval/train_entropy                       @ write 34 = 0.2937
batch contains 103 / 1000 active sentences
eval/train_entropy                       @ write 35 = 0.2959
eval/train_oracle_nll                    @ write 35 = 2.8856
batch contains 89 / 1000 active sentences
eval/train_entropy                       @ write 36 = 0.2417
batch contains 78 / 1000 active sentences
eval/train_entropy                       @ write 37 = 0.1858
eval/train_oracle_nll                    @ write 37 = 2.8574
batch contains 64 / 1000 active sentences
eval/train_entropy                       @ write 38 = 0.1559
batch contains 55 / 1000 active sentences
eval/train_entropy                       @ write 39 = 0.1006
eval/train_oracle_nll                    @ write 39 = 2.5636
batch contains 42 / 1000 active sentences
eval/train_entropy                       @ write 40 = 0.1001
batch contains 38 / 1000 active sentences
eval/train_entropy                       @ write 41 = 0.0846
eval/train_oracle_nll                    @ write 41 = 2.3903
batch contains 27 / 1000 active sentences
eval/train_entropy                       @ write 42 = 0.0647
batch contains 22 / 1000 active sentences
eval/train_entropy                       @ write 43 = 0.0326
eval/train_oracle_nll                    @ write 43 = 3.0646
batch contains 18 / 1000 active sentences
eval/train_entropy                       @ write 44 = 0.0265
most likely sentences under oracle:
A 35 year old woman was trapped inside the vehicle and was taken to the Royal Brisbane and Women ' s Hospital .
nll oracle: 1.8341344750445823
The 24 year old , who cannot be named for legal reasons , was arrested on Wednesday morning along with a 32 year old man who was arrested in northern NSW .
nll oracle: 1.916710615158081
U . S . stocks rose on Thursday , led by gains in bank shares , a day after the Federal Reserve raised interest rates for the second time in nearly a decade .
nll oracle: 1.9648709016687729
least likely sentences under oracle:
The show keeps its touch light by having political issues and the running of government take back seats to personality .
nll oracle: 5.400076729910714
Clinton would be an average president because in a majority vote between average and any other grade , it wins .
nll oracle: 5.256111145019531
By closing with contemporary Syrian works , the show suggests that , against all present evidence , there could be peace again .
nll oracle: 5.210550059442935
teacher forcing : True
eval/test_entropy                        @ write 0 = 4.2739
batch contains 1000 / 1000 active sentences
eval/test_entropy                        @ write 1 = 4.2537
eval/test_oracle_nll                     @ write 1 = 4.4210
batch contains 1000 / 1000 active sentences
eval/test_entropy                        @ write 2 = 3.4478
batch contains 1000 / 1000 active sentences
eval/test_entropy                        @ write 3 = 3.5476
eval/test_oracle_nll                     @ write 3 = 3.6395
batch contains 1000 / 1000 active sentences
eval/test_entropy                        @ write 4 = 3.6476
batch contains 1000 / 1000 active sentences
eval/test_entropy                        @ write 5 = 3.6828
eval/test_oracle_nll                     @ write 5 = 3.8427
batch contains 1000 / 1000 active sentences
eval/test_entropy                        @ write 6 = 3.6350
batch contains 1000 / 1000 active sentences
eval/test_entropy                        @ write 7 = 3.6001
eval/test_oracle_nll                     @ write 7 = 3.7107
batch contains 1000 / 1000 active sentences
eval/test_entropy                        @ write 8 = 3.6309
batch contains 1000 / 1000 active sentences
eval/test_entropy                        @ write 9 = 3.5424
eval/test_oracle_nll                     @ write 9 = 3.8746
batch contains 1000 / 1000 active sentences
eval/test_entropy                        @ write 10 = 3.5336
batch contains 1000 / 1000 active sentences
eval/test_entropy                        @ write 11 = 3.5249
eval/test_oracle_nll                     @ write 11 = 3.6273
batch contains 1000 / 1000 active sentences
eval/test_entropy                        @ write 12 = 3.4798
batch contains 1000 / 1000 active sentences
eval/test_entropy                        @ write 13 = 3.6157
eval/test_oracle_nll                     @ write 13 = 3.5376
batch contains 1000 / 1000 active sentences
eval/test_entropy                        @ write 14 = 3.5313
batch contains 1000 / 1000 active sentences
eval/test_entropy                        @ write 15 = 3.5636
eval/test_oracle_nll                     @ write 15 = 3.8199
batch contains 1000 / 1000 active sentences
eval/test_entropy                        @ write 16 = 3.6211
batch contains 1000 / 1000 active sentences
eval/test_entropy                        @ write 17 = 3.4008
eval/test_oracle_nll                     @ write 17 = 3.8439
batch contains 1000 / 1000 active sentences
eval/test_entropy                        @ write 18 = 3.5289
batch contains 1000 / 1000 active sentences
eval/test_entropy                        @ write 19 = 3.4349
eval/test_oracle_nll                     @ write 19 = 3.7559
batch contains 992 / 1000 active sentences
eval/test_entropy                        @ write 20 = 3.2799
batch contains 971 / 1000 active sentences
eval/test_entropy                        @ write 21 = 2.9705
eval/test_oracle_nll                     @ write 21 = 3.4544
batch contains 900 / 1000 active sentences
eval/test_entropy                        @ write 22 = 2.6432
batch contains 817 / 1000 active sentences
eval/test_entropy                        @ write 23 = 2.3053
eval/test_oracle_nll                     @ write 23 = 3.3072
batch contains 727 / 1000 active sentences
eval/test_entropy                        @ write 24 = 2.0441
batch contains 632 / 1000 active sentences
eval/test_entropy                        @ write 25 = 1.7075
eval/test_oracle_nll                     @ write 25 = 3.4499
batch contains 558 / 1000 active sentences
eval/test_entropy                        @ write 26 = 1.4336
batch contains 472 / 1000 active sentences
eval/test_entropy                        @ write 27 = 1.2386
eval/test_oracle_nll                     @ write 27 = 3.2115
batch contains 398 / 1000 active sentences
eval/test_entropy                        @ write 28 = 1.0356
batch contains 336 / 1000 active sentences
eval/test_entropy                        @ write 29 = 0.8642
eval/test_oracle_nll                     @ write 29 = 3.3732
batch contains 293 / 1000 active sentences
eval/test_entropy                        @ write 30 = 0.7671
batch contains 245 / 1000 active sentences
eval/test_entropy                        @ write 31 = 0.5779
eval/test_oracle_nll                     @ write 31 = 3.0580
batch contains 204 / 1000 active sentences
eval/test_entropy                        @ write 32 = 0.4846
batch contains 164 / 1000 active sentences
eval/test_entropy                        @ write 33 = 0.4260
eval/test_oracle_nll                     @ write 33 = 3.1772
batch contains 144 / 1000 active sentences
eval/test_entropy                        @ write 34 = 0.3531
batch contains 123 / 1000 active sentences
eval/test_entropy                        @ write 35 = 0.2998
eval/test_oracle_nll                     @ write 35 = 3.1509
batch contains 109 / 1000 active sentences
eval/test_entropy                        @ write 36 = 0.2387
batch contains 84 / 1000 active sentences
eval/test_entropy                        @ write 37 = 0.2153
eval/test_oracle_nll                     @ write 37 = 3.2043
batch contains 73 / 1000 active sentences
eval/test_entropy                        @ write 38 = 0.1624
batch contains 57 / 1000 active sentences
eval/test_entropy                        @ write 39 = 0.1218
eval/test_oracle_nll                     @ write 39 = 2.9766
batch contains 40 / 1000 active sentences
eval/test_entropy                        @ write 40 = 0.1051
batch contains 31 / 1000 active sentences
eval/test_entropy                        @ write 41 = 0.0860
eval/test_oracle_nll                     @ write 41 = 3.4867
batch contains 26 / 1000 active sentences
eval/test_entropy                        @ write 42 = 0.0642
batch contains 23 / 1000 active sentences
eval/test_entropy                        @ write 43 = 0.0512
eval/test_oracle_nll                     @ write 43 = 3.3390
batch contains 19 / 1000 active sentences
eval/test_entropy                        @ write 44 = 0.0316
most likely sentences under oracle:
U . S . stocks rose slightly on Wednesday after the Federal Reserve raise rates for the second time in a decade .
nll oracle: 1.9977884707243547
We ' re going to work something out that ' s going to make people happy and proud , Trump said in a Time magazine interview .
nll oracle: 2.119224689624928
When you ' re trying to win six in a row at the end of the year and you don ' t have a post player , I ' m sorry , it ' s not going to happen .
nll oracle: 2.242005729675293
least likely sentences under oracle:
Uber and the like describe themselves as ride sharing companies , but critics call that public relations spin .
nll oracle: 6.082530373021176
Unfortunately , it didn ' t quite winner over Craig who only scored the dance a 9 , unlike every other judge .
nll oracle: 5.872513480808424
However , one former top army lawyer claimed earlier in 2016 that the rhetoric around the Iraq abuse cases was missing basic facts .
nll oracle: 5.804452260335286
teacher forcing : False
eval/free_running_entropy                @ write 0 = 4.2739
batch contains 1000 / 1000 active sentences
eval/free_running_entropy                @ write 1 = 4.1997
eval/free_running_oracle_nll             @ write 1 = 4.0063
batch contains 1000 / 1000 active sentences
eval/free_running_entropy                @ write 2 = 3.3116
batch contains 1000 / 1000 active sentences
eval/free_running_entropy                @ write 3 = 3.6538
eval/free_running_oracle_nll             @ write 3 = 3.0820
batch contains 1000 / 1000 active sentences
eval/free_running_entropy                @ write 4 = 3.7820
batch contains 1000 / 1000 active sentences
eval/free_running_entropy                @ write 5 = 3.7652
eval/free_running_oracle_nll             @ write 5 = 3.4539
batch contains 1000 / 1000 active sentences
eval/free_running_entropy                @ write 6 = 3.7713
batch contains 1000 / 1000 active sentences
eval/free_running_entropy                @ write 7 = 3.7235
eval/free_running_oracle_nll             @ write 7 = 3.4904
batch contains 1000 / 1000 active sentences
eval/free_running_entropy                @ write 8 = 3.8013
batch contains 1000 / 1000 active sentences
eval/free_running_entropy                @ write 9 = 3.6591
eval/free_running_oracle_nll             @ write 9 = 3.5436
batch contains 1000 / 1000 active sentences
eval/free_running_entropy                @ write 10 = 3.6646
batch contains 1000 / 1000 active sentences
eval/free_running_entropy                @ write 11 = 3.6712
eval/free_running_oracle_nll             @ write 11 = 3.2246
batch contains 1000 / 1000 active sentences
eval/free_running_entropy                @ write 12 = 3.6594
batch contains 1000 / 1000 active sentences
eval/free_running_entropy                @ write 13 = 3.5862
eval/free_running_oracle_nll             @ write 13 = 3.4770
batch contains 1000 / 1000 active sentences
eval/free_running_entropy                @ write 14 = 3.6574
batch contains 1000 / 1000 active sentences
eval/free_running_entropy                @ write 15 = 3.6412
eval/free_running_oracle_nll             @ write 15 = 3.4459
batch contains 1000 / 1000 active sentences
eval/free_running_entropy                @ write 16 = 3.6368
batch contains 1000 / 1000 active sentences
eval/free_running_entropy                @ write 17 = 3.6532
eval/free_running_oracle_nll             @ write 17 = 3.4693
batch contains 1000 / 1000 active sentences
eval/free_running_entropy                @ write 18 = 3.5540
batch contains 995 / 1000 active sentences
eval/free_running_entropy                @ write 19 = 3.5881
eval/free_running_oracle_nll             @ write 19 = 3.2846
batch contains 979 / 1000 active sentences
eval/free_running_entropy                @ write 20 = 3.2641
batch contains 943 / 1000 active sentences
eval/free_running_entropy                @ write 21 = 3.0133
eval/free_running_oracle_nll             @ write 21 = 3.1681
batch contains 873 / 1000 active sentences
eval/free_running_entropy                @ write 22 = 2.7218
batch contains 806 / 1000 active sentences
eval/free_running_entropy                @ write 23 = 2.3898
eval/free_running_oracle_nll             @ write 23 = 3.0030
batch contains 703 / 1000 active sentences
eval/free_running_entropy                @ write 24 = 2.0865
batch contains 633 / 1000 active sentences
eval/free_running_entropy                @ write 25 = 1.8377
eval/free_running_oracle_nll             @ write 25 = 2.9943
batch contains 541 / 1000 active sentences
eval/free_running_entropy                @ write 26 = 1.5716
batch contains 485 / 1000 active sentences
eval/free_running_entropy                @ write 27 = 1.3386
eval/free_running_oracle_nll             @ write 27 = 2.8890
batch contains 409 / 1000 active sentences
eval/free_running_entropy                @ write 28 = 1.1198
batch contains 347 / 1000 active sentences
eval/free_running_entropy                @ write 29 = 0.9804
eval/free_running_oracle_nll             @ write 29 = 2.8630
batch contains 298 / 1000 active sentences
eval/free_running_entropy                @ write 30 = 0.8295
batch contains 248 / 1000 active sentences
eval/free_running_entropy                @ write 31 = 0.6669
eval/free_running_oracle_nll             @ write 31 = 2.9732
batch contains 210 / 1000 active sentences
eval/free_running_entropy                @ write 32 = 0.5375
batch contains 182 / 1000 active sentences
eval/free_running_entropy                @ write 33 = 0.4932
eval/free_running_oracle_nll             @ write 33 = 2.7057
batch contains 153 / 1000 active sentences
eval/free_running_entropy                @ write 34 = 0.4307
batch contains 132 / 1000 active sentences
eval/free_running_entropy                @ write 35 = 0.3717
eval/free_running_oracle_nll             @ write 35 = 3.1115
batch contains 112 / 1000 active sentences
eval/free_running_entropy                @ write 36 = 0.2807
batch contains 99 / 1000 active sentences
eval/free_running_entropy                @ write 37 = 0.2228
eval/free_running_oracle_nll             @ write 37 = 2.3921
batch contains 74 / 1000 active sentences
eval/free_running_entropy                @ write 38 = 0.1599
batch contains 59 / 1000 active sentences
eval/free_running_entropy                @ write 39 = 0.1698
eval/free_running_oracle_nll             @ write 39 = 2.2820
batch contains 50 / 1000 active sentences
eval/free_running_entropy                @ write 40 = 0.1229
batch contains 41 / 1000 active sentences
eval/free_running_entropy                @ write 41 = 0.1128
eval/free_running_oracle_nll             @ write 41 = 3.1675
batch contains 32 / 1000 active sentences
eval/free_running_entropy                @ write 42 = 0.0887
batch contains 25 / 1000 active sentences
eval/free_running_entropy                @ write 43 = 0.0755
eval/free_running_oracle_nll             @ write 43 = 3.7627
batch contains 22 / 1000 active sentences
eval/free_running_entropy                @ write 44 = 0.0540
most likely sentences under oracle:
She didn ' t say why she didn ' t want her baby to be born in the U . S . , her Democratic rival , Vermont Sen . Bernie Sanders of Vermont .
nll oracle: 1.8027985709054128
The SNP has offered a total of 40 , 000 jobs in the past 12 years , according to the New York Times .
nll oracle: 2.0053515434265137
On the other hand , he ' s a big player in this league and I think there ' s not a lot to do with him , but not every single day of the year .
nll oracle: 2.072131801295925
least likely sentences under oracle:
We meet people as a significant target they know not just to manage any infrastructure we cause less and do .
nll oracle: 5.192257835751488
1 as to speak out and put the way he set the standards measure in the hands of scientific data , that its injury shows possibly throughout that conversation .
nll oracle: 5.027038065592448
The Taiwan American at 23 , one estimated only the same middle aged Americans had no needs , so had been not white .
nll oracle: 4.956599235534668
eval/RNN_test_acc                        @ write 0 = 0.5134
eval/RNN_train_acc                       @ write 0 = 0.5081
eval/RNN_test_loss                       @ write 0 = 0.0154
eval/RNN_train_loss                      @ write 0 = 0.0108
eval/RNN_test_acc                        @ write 10 = 0.4509
eval/RNN_train_acc                       @ write 10 = 0.5556
eval/RNN_test_loss                       @ write 10 = 0.0164
eval/RNN_train_loss                      @ write 10 = 0.0107
eval/RNN_test_acc                        @ write 20 = 0.5759
eval/RNN_train_acc                       @ write 20 = 0.7625
eval/RNN_test_loss                       @ write 20 = 0.0175
eval/RNN_train_loss                      @ write 20 = 0.0079
eval/RNN_test_acc                        @ write 30 = 0.5670
eval/RNN_train_acc                       @ write 30 = 0.8575
eval/RNN_test_loss                       @ write 30 = 0.0182
eval/RNN_train_loss                      @ write 30 = 0.0053
eval/RNN_test_acc                        @ write 40 = 0.5938
eval/RNN_train_acc                       @ write 40 = 0.9519
eval/RNN_test_loss                       @ write 40 = 0.0404
eval/RNN_train_loss                      @ write 40 = 0.0024
eval/RNN_test_acc                        @ write 50 = 0.6205
eval/RNN_train_acc                       @ write 50 = 0.9663
eval/RNN_test_loss                       @ write 50 = 0.0327
eval/RNN_train_loss                      @ write 50 = 0.0017
eval/RNN_test_acc                        @ write 60 = 0.5938
eval/RNN_train_acc                       @ write 60 = 0.9838
eval/RNN_test_loss                       @ write 60 = 0.0531
eval/RNN_train_loss                      @ write 60 = 0.0009
eval/RNN_test_acc                        @ write 70 = 0.6116
eval/RNN_train_acc                       @ write 70 = 0.9906
eval/RNN_test_loss                       @ write 70 = 0.0544
eval/RNN_train_loss                      @ write 70 = 0.0005
eval/RNN_test_acc                        @ write 80 = 0.6004
eval/RNN_train_acc                       @ write 80 = 0.9681
eval/RNN_test_loss                       @ write 80 = 0.0435
eval/RNN_train_loss                      @ write 80 = 0.0014
eval/RNN_test_acc                        @ write 90 = 0.5737
eval/RNN_train_acc                       @ write 90 = 0.9981
eval/RNN_test_loss                       @ write 90 = 0.0958
eval/RNN_train_loss                      @ write 90 = 0.0001
eval/RNN_test_acc                        @ write 100 = 0.5848
eval/RNN_train_acc                       @ write 100 = 0.9838
eval/RNN_test_loss                       @ write 100 = 0.0541
eval/RNN_train_loss                      @ write 100 = 0.0007
eval/RNN_test_acc                        @ write 110 = 0.6004
eval/RNN_train_acc                       @ write 110 = 1.0000
eval/RNN_test_loss                       @ write 110 = 0.0697
eval/RNN_train_loss                      @ write 110 = 0.0000
eval/RNN_test_acc                        @ write 120 = 0.5781
eval/RNN_train_acc                       @ write 120 = 1.0000
eval/RNN_test_loss                       @ write 120 = 0.0934
eval/RNN_train_loss                      @ write 120 = 0.0000
eval/RNN_test_acc                        @ write 130 = 0.5960
eval/RNN_train_acc                       @ write 130 = 1.0000
eval/RNN_test_loss                       @ write 130 = 0.0857
eval/RNN_train_loss                      @ write 130 = 0.0000
eval/RNN_test_acc                        @ write 140 = 0.5960
eval/RNN_train_acc                       @ write 140 = 1.0000
eval/RNN_test_loss                       @ write 140 = 0.0865
eval/RNN_train_loss                      @ write 140 = 0.0000
eval/RNN_test_acc                        @ write 150 = 0.6161
eval/RNN_train_acc                       @ write 150 = 1.0000
eval/RNN_test_loss                       @ write 150 = 0.0672
eval/RNN_train_loss                      @ write 150 = 0.0000
eval/RNN_test_acc                        @ write 160 = 0.5759
eval/RNN_train_acc                       @ write 160 = 1.0000
eval/RNN_test_loss                       @ write 160 = 0.1087
eval/RNN_train_loss                      @ write 160 = 0.0000
eval/RNN_test_acc                        @ write 170 = 0.6094
eval/RNN_train_acc                       @ write 170 = 1.0000
eval/RNN_test_loss                       @ write 170 = 0.0877
eval/RNN_train_loss                      @ write 170 = 0.0000
eval/RNN_test_acc                        @ write 180 = 0.6027
eval/RNN_train_acc                       @ write 180 = 1.0000
eval/RNN_test_loss                       @ write 180 = 0.0891
eval/RNN_train_loss                      @ write 180 = 0.0000
eval/RNN_test_acc                        @ write 190 = 0.5826
eval/RNN_train_acc                       @ write 190 = 1.0000
eval/RNN_test_loss                       @ write 190 = 0.1075
eval/RNN_train_loss                      @ write 190 = 0.0000
eval/RNN_test_acc                        @ write 200 = 0.6027
eval/RNN_train_acc                       @ write 200 = 1.0000
eval/RNN_test_loss                       @ write 200 = 0.0929
eval/RNN_train_loss                      @ write 200 = 0.0000
eval/RNN_test_acc                        @ write 210 = 0.5960
eval/RNN_train_acc                       @ write 210 = 1.0000
eval/RNN_test_loss                       @ write 210 = 0.1009
eval/RNN_train_loss                      @ write 210 = 0.0000
eval/RNN_test_acc                        @ write 220 = 0.6161
eval/RNN_train_acc                       @ write 220 = 1.0000
eval/RNN_test_loss                       @ write 220 = 0.0802
eval/RNN_train_loss                      @ write 220 = 0.0000
eval/RNN_test_acc                        @ write 230 = 0.6183
eval/RNN_train_acc                       @ write 230 = 1.0000
eval/RNN_test_loss                       @ write 230 = 0.0834
eval/RNN_train_loss                      @ write 230 = 0.0000
eval/RNN_test_acc                        @ write 240 = 0.5915
eval/RNN_train_acc                       @ write 240 = 1.0000
eval/RNN_test_loss                       @ write 240 = 0.1179
eval/RNN_train_loss                      @ write 240 = 0.0000
