/home/optimass/torch/lib/python3.6/site-packages/torch/nn/functional.py:1006: UserWarning: nn.functional.sigmoid is deprecated. Use torch.sigmoid instead.
  warnings.warn("nn.functional.sigmoid is deprecated. Use torch.sigmoid instead.")
creating new word dictionary
Namespace(adv_clip=5.0, adv_epochs=220, alpha_test=1.0, alpha_train=1.0, base_dir='/home/optimass/scratch/OnExposureBias/word/news/gan_VDGEN0.6_VDDISC0.4_BS1024_GLR0.0005_DLR0.0001_MLE80_DE1_DTI10_GTI1_MTI1_HD256_SQ51_ats1_beta0', batch_size=1024, beta=0.0, bleu_every=15, character_level=False, critic_lr=0.001, cuda=True, data_dir='data/news', debug=False, disc_lr=0.0001, disc_pretrain_epochs=1, disc_train_iterations=10, gamma=0.95, gen_lr=0.0005, gen_train_iterations=1, grad_clip=10.0, hidden_dim_disc=256, hidden_dim_gen=256, lm_epoch=None, lm_path='oracles/news/word', mask_padding=False, max_seq_len=51, mle_epochs=80, mle_train_iterations=1, no_cuda=False, num_layers_disc=2, num_layers_gen=2, rnn='LSTM', sample_size_fast=500, save_every=10, seqgan_reward=0, setup='real', stream_data=False, test_every=2, transfer_weights_after_pretraining=1, use_baseline=1, var_dropout_p_disc=0.4, var_dropout_p_gen=0.6, vocab_size=5697)
Warning: new arg 'character_level' given value 'False'
model successfully loaded
MLE pretraining epoch 0/80
train/nll                                @ write 0 = 3.7621

samples generated after 0 epochs
In work shouldn , spending scheduled s her in dealing .
She of human go her than the own website can that EU 2 an after being activity if so you from as peace any went for think not out .
So NEW Sanders after least coming had in enjoying .
We that a Nick and .
It Hillary cent of on one just , its é .


MLE pretraining epoch 1/80
train/nll                                @ write 1 = 3.0327

test/oracle_nll                          @ write 1 = 3.4489
test/nll                                 @ write 1 = 2.8290

samples generated after 1 epochs
A taxi boss of games spoke , Mr how was a pound to cases 17 as my States conference staff .
The 18 that said
Two a lot after cause in a chance and a difficult that there ' s to waited him and we are Super with the future time .
It was I tried to put as nationwide to move money .
Most become contain called said to spending me during a regulation head face and the party is one concert several in winning under the the opens term .


MLE pretraining epoch 2/80
train/nll                                @ write 2 = 2.8605

samples generated after 2 epochs
When I think you supposed you ' s hard that Russian debate isn ' t stop out what leadership all of heavily possible , she had charity .
It of a achieved in its day , but a location whole .
We need to tell she schedule .
If we is so feeling about Monday with it , she said .
So to argue the university on the public policy day to they register matches .


MLE pretraining epoch 3/80
train/nll                                @ write 3 = 2.7732

test/oracle_nll                          @ write 3 = 3.2132
test/nll                                 @ write 3 = 2.6454

samples generated after 3 epochs
s state maybe as experiences , but I ' m drawn there is all .
We liked the move we don ' t want to be worth on the weeks with a vision and I ' ll say being happy .
They Boeing out of another kinds for the post would be the cost on her heart , Mayor rain .
Its lawsuit thought the countries ' s engineering is no problem for people of ensuring on Thursday on people with a trade on this race .
As a little 10 society in a chief bit stations , can deliver the best world and making the belief of new clients of the financial vote euros .


MLE pretraining epoch 4/80
train/nll                                @ write 4 = 2.7149

samples generated after 4 epochs
The Syrian on his sales and an couple air members with 2020 with the most care most door financial in a wider activity .
Before the opportunity of robust capital residence is Facebook against the same president , he said .
Those rise by people ' he tissue in August , 2016 to the youngest website until a certain search .
It is the greatest of where you will , it ' s not why Mr . Cameron was left .
A point could be hearing of politics , 000 that third from 1 per cent and Assad on Tuesday , such , as a constitutional crisis in the newspaper .


MLE pretraining epoch 5/80
train/nll                                @ write 5 = 2.6711

test/oracle_nll                          @ write 5 = 3.0911
test/nll                                 @ write 5 = 2.5564

samples generated after 5 epochs
Mr . Corbyn said It ' s a based team that is going to do to office to the intense in the course .
Until the West records their entire guard , between want the iPhone , which were allowed as well as any existence in equal bodies .
He was not to do at least 20 why being released or few much injury in an claiming League , and four a year adds in advance .
He defended in the driver , the FBI chief Party , at launched the 2003 when he predicted the reputation era .
I against mine and I be working , because it ' s a problem , and I don ' t four , will say it ' s important on .


MLE pretraining epoch 6/80
train/nll                                @ write 6 = 2.6357

samples generated after 6 epochs
If those people are ' size to survive , when that isn ' t ' t able to fix one week check his future .
Some college has Europe trying to take about Germany , but is put a minority period on this hot bid as one family or health capacity can over him .
The United States is within to me within its supply and wanted for the weather to save upon Clinton and came for Mr ISIS .
Many the quality system has been set to discuss delegates to the abuse of Americans , including you to do them .
We don ' t go back to win , he said until he has used to take some free attacks with her shore .


MLE pretraining epoch 7/80
train/nll                                @ write 7 = 2.6060

test/oracle_nll                          @ write 7 = 2.9633
test/nll                                 @ write 7 = 2.4957

samples generated after 7 epochs
His third aircraft , meanwhile were dead to Russia and fairly something believe Britain could live to attacks the EU .
Authorities alone to speak , but 36 of rights and Trump , died , all asylum percent , the Netherlands on ISIS .
So , take their last towns , attention to me have strong or that one day people in my capital and night , she said .
But if only a lot are , field he will be determined to its arguments , ' 40 anger , , the Russian walked , came down in less than alleged midnight .
It was a point figure as well to encourage more than two hours , Cruz ' s body has been imposed .


MLE pretraining epoch 8/80
train/nll                                @ write 8 = 2.5813

samples generated after 8 epochs
To used to venture on the social media , there was part of Europe after the officers backed how knows she was going to admit a lucky .
It ' s paying depression boy which found to hang on these machines but have secret some of us who have said so much of people should mean that these political rival would have got to introduce up .
I am starting from ourselves like strong for my military , but they ' re very desperate to win the club country calling worth our family have come into their regulations .
' When the first time of many , his mother Taylor gets a firm against the day of direction for the Republican Association League before the fatal are range of the decision .
' I ' m very much about the way I felt out what I want to continue to feel the university , he said .


MLE pretraining epoch 9/80
train/nll                                @ write 9 = 2.5594

test/oracle_nll                          @ write 9 = 2.9832
test/nll                                 @ write 9 = 2.4506

samples generated after 9 epochs
At the time , there is changed less than a protest has everyone in and believed that make things wrong goes to the deficit and good health board at the information .
Since the U . S . sentiment he said we are high , he said , and he have seen my Facebook throughout the laws ' s shame that it was anticipated one of 29 miles .
she added the George . S . backed compared that his campaign was going to change alcohol and support patients .
They tried to say a move about the hours of 200 to police do , as wearing a bank jobs plan policies , or below Europe delays towards which France are expressed a private goal for women with many activity .
The communications either that the globe won ' t give him earnings , we know of their prices , don ' t know that that is better than our sugar announced , he said .


saved 1 models
MLE pretraining epoch 10/80
train/nll                                @ write 10 = 2.5404

samples generated after 10 epochs
Workers Rio , in Europe in the first six years after the last two months this week fall to Assad ' s student right shopping than president .
That is short , more than the way it makes those factors from the process where children ' re return to 27 percent and they were living for tourist has not seen their nuclear .
He says he explains that about any voters because there ' s nothing this painting for really a considerable horse that has been committed to us that they ' re going to plan as it seems to do it .
On four years after August p . March points and victims broke to the car has been shared with among rebel customers on 28 7 in 2015 .
Police said there are the pound faces mosquito civilian attacks , including others could be closed from several per cent of sexual militants ' s vehicle for global detailed voted .


MLE pretraining epoch 11/80
train/nll                                @ write 11 = 2.5233

test/oracle_nll                          @ write 11 = 2.8587
test/nll                                 @ write 11 = 2.4173

samples generated after 11 epochs
President Bashar al authorities had a license of natural strikes with the sources , living and a two iconic or investigating conflict .
We have very a bit of players being aware that he does not trust up with her attacks to that law .
As in year , there was not some changes in Aleppo and suspected prices in a number , but not only to be discussed on the high despite the 30 time 19 month .
When I joined giving anything stable , to convince them a modest player to talk it got for every few months that I won ' t escape .
They have no sport done that it would expand long six years to be really just unless you use all their across the first time , he said .


MLE pretraining epoch 12/80
train/nll                                @ write 12 = 2.5075

samples generated after 12 epochs
That was no regard , said on Monday taken its capacity in his country for her girl in Iowa as well on his treatment .
They are also very proud of about national but none of what is an event that no support of immigration are on .
The crowd told a 8 year old boy was reportedly holding in attack Thompson down April , and he gets me out on the daughter .
He was told his son a very natural team saying is was still more clear to play , he signed pop .
Hillary Sturgeon presidency me in Pakistan from two driving in the High League and when needed last year was going to remember .


MLE pretraining epoch 13/80
train/nll                                @ write 13 = 2.4938

test/oracle_nll                          @ write 13 = 2.8959
test/nll                                 @ write 13 = 2.3889

samples generated after 13 epochs
However , the support would also stay a week 2 percent of the refugee Michigan or an area with the playoffs to gain the market on the Company .
Well and with 18 countries , the first few years air career defense could be a drop because you have a handful of respect over a century home .
But it is all moments a lot of EU rare is so is you ' ve never done very well , they see us .
It is affecting meat brands enough that no cause taxpayers of the number of thousands to teachers in Flint and Australia are super sold on the matter of having a impact some they not need to keep this .
One form of screening police visited 20 percent have expressed their record and have made the coming up style in Paris getting put .


MLE pretraining epoch 14/80
train/nll                                @ write 14 = 2.4809

samples generated after 14 epochs
But for them with my music perform that he didn ' t see the empty attacks and he was taken nothing there was a great person .
The researchers expects to force African Australian justice including the federal nation to have been killed and promote members of the power of the design .
But Bill democracy had some questions they want to help it be , that we have more helping safety .
The allegations is made up if he was 15 days after the Chelsea after it was recommended for tournament and the crowd .
I put Australia in the next 12 hours , and I am extremely sad so that this is a fantastic dream and what I blow in a man and no doubt even an extent of party has been in there .


MLE pretraining epoch 15/80
train/nll                                @ write 15 = 2.4686

test/oracle_nll                          @ write 15 = 2.7728
test/nll                                 @ write 15 = 2.3665

samples generated after 15 epochs
It needs to move up , however in Philadelphia after the Brumbies pension to receive some injured suggest no live .
2017 and actions are a wealth to ensure it take that way to you out for what SNP to a lot of life through the Sunday they ' ll really play here with winning .
The president has been convinced how victory doctors confirmed EU officials , value history from hell , whatever consumers won , congressional prosecutors from the province has a long term success , the 43 year old said .
After those arriving for more advanced transport workers , they have a better earlier and shared reality for women , they may free to complete talk .
Seattle despite all Syrian economic pollution for Syria access to air crisis and wish more material conditions , Manchester said .


MLE pretraining epoch 16/80
train/nll                                @ write 16 = 2.4580

samples generated after 16 epochs
We have a here , a fantastic side , especially dramatically in order to defend color away from taking some goes back .
Police were high to a learn more than seven states of the incident , will announce the standard of having Iran , especially whatever men was food in difficulty .
In both cases , I will not see your doctor in hotels 20s , and the world comes together and then decided to survive .
As reports in the state of 2012 , Clinton announced its life for suggesting three days to maintain a transgender agenda at the convention .
Every few years , to see this numbers , just listen on the green and give one account whether it would be showed about him .


MLE pretraining epoch 17/80
train/nll                                @ write 17 = 2.4478

test/oracle_nll                          @ write 17 = 2.8229
test/nll                                 @ write 17 = 2.3451

samples generated after 17 epochs
If we may see it for euro , you don ' t feel good , looking it wouldn ' t be doing .
The couples owned bill fell at the station of England , who tried 48 today , reportedly charged and was winning , serving the natural point .
Michael leads Fire and body concerns being determined to be welcome as her hotel engine , and he didn ' t need to think .
He also said he was keen to sort of young other voters over children while mothers thought he learned that confidence would predict .
We have won a run at the top post so it has been long as possible ' s creative go on W . 5 beginning over the past three holes .


MLE pretraining epoch 18/80
train/nll                                @ write 18 = 2.4381

samples generated after 18 epochs
No one wants to figure up the words about there is unlike contact with anyone on my own , she said .
You are still a real athlete , he said and she is happy to all sure about the fact that .
Russian people are to say at the first site in a safe direction , with an effective taste from the study to get more from the regular Canadian register .
It is important to try to break its levels and then found her prevented , not the front of pollution , we could access their performance from Black neighborhoods and on the issue .
In a speech in 2015 As During Turkey and The headquarters linked that the paper should pursue stronger oil revenue from voting .


MLE pretraining epoch 19/80
train/nll                                @ write 19 = 2.4296

test/oracle_nll                          @ write 19 = 2.7827
test/nll                                 @ write 19 = 2.3281

samples generated after 19 epochs
Here we started not just 42 hours disappointed with your injury off and I ' d have the chance to select on football .
The lawsuit is called by having minor feet on Twitter and demands for privacy , however , hard report costs , just near such extreme condition for other any information .
For the same figure shows 17 minutes , they remain hundreds of dollars here as they have better proof and boys .
So I ' m walking , the addition of at the end of and the year in Italy wasn ' t behind , he said .
Among both people can use them on quality and hear hold second compensation whether their data wouldn ' t be a powerful issue .


saved 1 models
MLE pretraining epoch 20/80
train/nll                                @ write 20 = 2.4211

samples generated after 20 epochs
News added Russia would be on a key rise over the most important anti financial sector in the White House .
So they cannot find your commitment into the EU , I feel like the ones have increased our information or leadership .
His father and pilot wing government is not clear that they ' ll be saying the statistics might provide their homes between five or civilians and one company fan .
Mr . Trump also released or playing Russian stations that day in the position because they couldn ' t get to bid and remain more likely to strengthen him .
There are 2007 of those activists able to get investors a focus on what an immigrant budget Service has a additional eye .


MLE pretraining epoch 21/80
train/nll                                @ write 21 = 2.4135

test/oracle_nll                          @ write 21 = 2.7429
test/nll                                 @ write 21 = 2.3130

samples generated after 21 epochs
I ' m not sure when we went ahead with a new existence and I know what this is going and next summer because I feel like I felt scared by the same video .
Just within the area , many Americans said boat by airport either UK forces have known this overnight which represents Islamic State to carry the range of air strikes .
Don think what happens on hearing for parts of our country are going to worry they have to run this line for you .
She was the challenge of his mother that the Olympic Canadian ' s son was called for school she was disappointed .
It is no matter why the practice of its search and papers can run a big problem with the human being threatened to represent other oil prices .


MLE pretraining epoch 22/80
train/nll                                @ write 22 = 2.4064

samples generated after 22 epochs
My health can fight out where great regulations available by it , and it was an amazing direction , but when maybe it is less .
the country can tell centre the survival of terms of supply , but then puts how they halt in any effective speed system .
The red cannot happen to the kids where they are going to speed up after the police worry should not afford them .
With cable crimes in the rate of new patients say they should ready to accept the direct burden from the European Union .
The BBC found ministers not working with the Australian industry from Russia and others will not consider short numbers value .


MLE pretraining epoch 23/80
train/nll                                @ write 23 = 2.3992

test/oracle_nll                          @ write 23 = 2.7550
test/nll                                 @ write 23 = 2.2989

samples generated after 23 epochs
That is usually British tests by use for 55 per cent more than they were in the UK and 29 . 8 per cent .
Before the past years , France has sent it looking public for someone who has no escape , Catholic as Israel ?
After this case I ' d never see she disappeared into his life , knowing nothing that being broken in the future .
And like the world is an effort to save stories to be ambitious , but still devastating out , you need to call a cup , which makes your interest so they ' re panic .
For decades passed that let is even out sure they would help enable over these numbers for it , no matter how their wildlife is at private details .


MLE pretraining epoch 24/80
train/nll                                @ write 24 = 2.3925

samples generated after 24 epochs
What he believes is why no action will be as cheap and in certain history when we are failing stronger education courses in it .
He has won his job and Roger just before she held just 15 , 000 three times expectations largely in the second quarter .
When asked the same topic by South Carolina , they then did some states who did not sometimes make time , the Post has asked concerns .
Four years ago it didn ' t hit the field falling at help and returned in the suburb with her rushing .
A way to say the beloved manager for Gordon I would have to make sure I wasn ' t letting off a movie .


MLE pretraining epoch 25/80
train/nll                                @ write 25 = 2.3866

test/oracle_nll                          @ write 25 = 2.7427
test/nll                                 @ write 25 = 2.2865

samples generated after 25 epochs
What is why many of the girls have been taken for Scotland ' s 3 million crime missile , as a firm involving lawyers seem to continue cheaper estate to build me in the water .
The driver said it was patient after car cuts come to the single run and had been treated in 2014 evacuated .
Then at least 13 , 000 was at least 12 for the US she to leave something all is seized to the drunk , but won ' t be considered representatives .
In the fact they were monitoring far a man who wrote the party in England and telling her she was calling with commercial authorities , were in their office by struggling .
He acknowledged that I did not think it would work into when he played a voice , he explained .


MLE pretraining epoch 26/80
train/nll                                @ write 26 = 2.3806

samples generated after 26 epochs
Before important , you feel better they have a real change , and they need now , there ' s something we ' ve seen .
It ' s not just here from the party scheduled that instead of new technical doctors have the only information about that and seemingly close to the party .
Our Russian partners signed the campaign to introduce Europe for granted , and that will be more complicated in the UK for the European Union .
It can take the new and a project to modest , but it was shared quality infrastructure in a career where investors won ' t be employed .
Even permission professionals say exactly how a blue dad had simply been in a high school , she hadn ' t offered a stronger relationship .


MLE pretraining epoch 27/80
train/nll                                @ write 27 = 2.3752

test/oracle_nll                          @ write 27 = 2.6854
test/nll                                 @ write 27 = 2.2766

samples generated after 27 epochs
Every girl was sentenced and attacked the debt son one in his car turned out he dominated the plane they were on and traveled out after the incident .
He ' s its four years , I need a major start to the Premier League , and this was good in the FA Cup .
Charlotte recently play two metres with a signature break after someone went nearby by 66 30 ' s teams first starts each year .
Maybe for 30 years , these newspapers are also cut to recent investors on the city and Greece .
I ' ve worked pretty much in a bit of home than maybe I wouldn ' t know how I hadn ' t been waiting at the moment .


MLE pretraining epoch 28/80
train/nll                                @ write 28 = 2.3703

samples generated after 28 epochs
A yellow last 2009 follows that North Carolina announced a financial challenge at the High Court ' s led war available and the firm died .
With Mr May ' s remain the stick across Britain , at the demands , just less , that we are having their own mistakes on all parts of the country They feel in a position that is simply .
The incident has brought a high levels of workers and any several complete figure seasons saying that forcing your body for both cases were delayed , and it is now shooting off .
There are multiple reason sick that to see , but we should turn them in front of these events here and face winning a faster figure for us .
A figure in Wales was a close goal between the finding time and players who will drop 71 . 1 percent a month .


MLE pretraining epoch 29/80
train/nll                                @ write 29 = 2.3655

test/oracle_nll                          @ write 29 = 2.7516
test/nll                                 @ write 29 = 2.2677

samples generated after 29 epochs
The busy activist husband and lowest 48 million behind her fans , however , had won four years of the registered , entering his charges , so having long been shot in police station .
He said ' I were missing to my friends with pictures ; I thought he was supposed to run out the field and lead the baby .
TV chef moved to the more lower price in the workforce , according to the UN estimates if polling production was possible .
This way for 50 , 000 adults in 2012 had increased up by federal advice of money within the Western Olympics .
Last month it claimed it was saying targets about recent corruption media and Apple and Afghanistan pledged to state the outbreak and in mid July .


saved 1 models
MLE pretraining epoch 30/80
train/nll                                @ write 30 = 2.3606

samples generated after 30 epochs
If Park joined in a position or responsible to save the names that his inner leader is holding a new wall in organisations , others agree to write them same .
Their prosecutor chosen birth as 20 percent of Britain has made a dramatic increase of law activities in most of the country .
So if you look in a busy zone , we have made his goals to explore a fight last week , she said .
She has done it as far as she seemed to spend more things and ' did they not follow myself to his father .
I think we ' re trying to reach a famous , the highest day in the Premier League it is a little like boost here .


MLE pretraining epoch 31/80
train/nll                                @ write 31 = 2.3561

test/oracle_nll                          @ write 31 = 2.7002
test/nll                                 @ write 31 = 2.2581

samples generated after 31 epochs
That ' s why it is likely to say that as quickly as a huge principles , well , will be a surprise or decision to take money .
He went to the early crossing of day and stuff one of one , 800 tree inside the day .
You got leading to the trip at work , they are working hard , which is not entirely that I think they could be located from the practice .
It ' s hard to knock away from the most positive the big team when they win the American gold play , then the Masters brings most questions in dealing for late games .
Rubio had fought up the basic crown of his friend with Muslims and independent artists that can create concerns to the Obama states .


MLE pretraining epoch 32/80
train/nll                                @ write 32 = 2.3518

samples generated after 32 epochs
But I say this is the most important systems to lose to smaller groups in Turkey in the Ireland public .
We ' ve been the right side of our historical follow we felt we understand we go on as much as the right team but they will potentially clearly try to get the best home .
More than half , 000 patients have been killed by Britain and Wales , Japan and Muslim services now may have been criticized .
She had been waiting for the Syrian police when someone realized she hadn ' t been able to survive eight hours .
The probe already has increased a judge , saying Britain would discover that over 250 per cent in 15 , 000 homes vote as well as a tax out of shore between young adults , while the economic growth of investment is growing .


MLE pretraining epoch 33/80
train/nll                                @ write 33 = 2.3479

test/oracle_nll                          @ write 33 = 2.6813
test/nll                                 @ write 33 = 2.2503

samples generated after 33 epochs
Mr Jones told the potential they had left positions when I was social media for , or if he played seriously after music .
I had left the power back to the last six months after after there a hard bid was scheduled into real tickets .
In March , they started photos to see us about one one and the lines has been tried at the point .
I came to a game but I might wait before I went to reading a call from me for another time and everything .
We did have a steady decision throughout war dating , hopes all an outdoor team , a success of this country because the change involves .


MLE pretraining epoch 34/80
train/nll                                @ write 34 = 2.3436

samples generated after 34 epochs
I ' d be telling my daughters something she died and said they had a chance to look out , added Clarke .
Even , which fled early ups in New York , the only UK sector candidates again have the BBC ' s closest backing .
The weekend must be announced by phone organisations meeting in a blast as motivated to halt on September 22 this year as soon as include therapy and up for 51 percent .
Our risks would investor the new product quality cuts , long term funding companies made an idea of what it brings to the United States , who has left three states they were saying version of our threat .
That feels like I think any of the animal character or the brands can keep the mountain of things in climate control .


MLE pretraining epoch 35/80
train/nll                                @ write 35 = 2.3399

test/oracle_nll                          @ write 35 = 2.6773
test/nll                                 @ write 35 = 2.2431

samples generated after 35 epochs
At the end of the day that Iran those , a woman and the United States secretary of hospitals are sending a conference up group of non EU events .
The inquiry ' s client has stopped members of Welsh Chancellor Castro and the French case in June but knocked a new leader in Ukraine .
It ' s unique for the community and people to choose in these kinds of things we ' re forced to speak .
The rental price was bigger because of the dates it arrived in December , , after a third ceremony on average .
' Now that will give him a good winds of not sure I ' ve got to bring it hard , he said .


MLE pretraining epoch 36/80
train/nll                                @ write 36 = 2.3364

samples generated after 36 epochs
The best way to build online crews can be traveling on critical reforms generally that understand what moves to the election .
There is a shooting in the possibility of another Trump administration for good staff in general ; Ryan could often get the voice negative .
He ' s gone and I ' m going to celebrate it one different question there said , at houses instead that feel important .
An start on a serious fire on Facebook released shortly also played in a parking three year tree to watch it .
You can just believe someone had been said to see a weekend , just a surprise , and you are not going to happen .


MLE pretraining epoch 37/80
train/nll                                @ write 37 = 2.3327

test/oracle_nll                          @ write 37 = 2.6086
test/nll                                 @ write 37 = 2.2360

samples generated after 37 epochs
The story of the trade industry is too much working by another organisation , where between number of audiences on , he said .
The programme wants to be vulnerable for hundreds of friends to provide a family flat to be supported by health trafficking .
She also said that , instead of not immediately funny , also it might be him , he said .
At the next time of either 2015 students and Denmark are not being banned at the same time in a box of much .
I ' ve got to make a difference going as an honest trial and I talk about these sites over my past .


MLE pretraining epoch 38/80
train/nll                                @ write 38 = 2.3298

samples generated after 38 epochs
Merkel told Fox News on Monday this was not clear whether everything was going to be ready for the back of conversation .
It will appear different when try with the next agency of the US comes from Out of the ceasefire and leave opposition must obviously have the access to secure over eating .
The announcement has caused harsh sanctions place to protect Syrian anti rebels from Turkey on Thursday after the outcome of the UK set each migrant on sentiment .
Just like perhaps 12 percent of the 24 deaths hitting Paris in the EU , according to federal news U . Day , which suggests the rate of tax services would be paid in 2015 , the official report stated .
My family has always read friends and a life environment if they go to be a true storm , or be able to pick up , possible either .


MLE pretraining epoch 39/80
train/nll                                @ write 39 = 2.3262

test/oracle_nll                          @ write 39 = 2.6814
test/nll                                 @ write 39 = 2.2291

samples generated after 39 epochs
Theatre in a small system I can improve by fix evidence , rather than making sure they were staying back and questioning their experiences of violent establishment for younger residents .
We are very proud of these people and network football officials , in a eight hours run down 11 19th , 1990 .
They took Trump herself to this nation in terms of wages and goalkeeper his ex family and your representatives .
When you can say that it ' s doing your best , one generations if you can live you ' ll find their best hands open .
The strength will save those changes by Facebook residents and teachers make sure they have stronger high quality structures the first time we want the platform .


saved 1 models
MLE pretraining epoch 40/80
train/nll                                @ write 40 = 2.3233

samples generated after 40 epochs
Earlier , a girl ' s life had been shared by Chelsea , who has consistently been detained at Channel 2 , which he arrived in the summer and then become the founder who was charged for theft of his partner .
On Thursday a medical establishment appear to be aimed to help produce a hat after campaigning staff count with political party .
They will also provide the government a joint economy to take when it comes to a terror jail to engage with migrants , a government said .
She said I am surrounded for days in racism with a body car on Instagram , and when we tried for one , I wanted it to kill that .
We know really , somehow , the right thing to be in the long term conditions , the guys in the issues are playing in development , of course .


MLE pretraining epoch 41/80
train/nll                                @ write 41 = 2.3199

test/oracle_nll                          @ write 41 = 2.6892
test/nll                                 @ write 41 = 2.2237

samples generated after 41 epochs
Ronald Best suggest that there is no discussion where the blame could be taken together in list of the area , which offers it through the free court on the day .
Up at 42 . 3 percent of the number of trends will begin with 2 . 3 billion at the top of the first time .
I chose to have secretary ' s time in March , its focus on where it takes and how she wins there .
Xi came back from Mr . Trump , that is so many in Beijing fall less expensive than a fifth of Democrats held for Democratic candidate Donald Trump .
The way they have dramatically , they still know what they ' re looking at so sudden I see they don ' t say you isn ' t able to pay college as would it make its case .


MLE pretraining epoch 42/80
train/nll                                @ write 42 = 2.3174

samples generated after 42 epochs
But I make strange helps what it is asking and see that is going to be complicated , I ' m the nation who is here for the dance , he said .
Trump has changed more than 100 million in paid voters , based for things in Trump that is why he has not registered his memories .
On Wednesday night I didn ' t know the speed was placed on goal of blood but we live in France .
You must create a huge drinks , , or about the start of those than a short opportunity to get you and you don ' t do the best things to secure something .
' It ' s very good for us to look at assets , I felt really excited in getting into games .


MLE pretraining epoch 43/80
train/nll                                @ write 43 = 2.3143

test/oracle_nll                          @ write 43 = 2.6676
test/nll                                 @ write 43 = 2.2186

samples generated after 43 epochs
So if you choose to win the title , even with each topic can ' t out , ever it means that any candidate , you always face to the finish market , who could be your sixth coach and work .
She said she was my kids , and she was vital before he goes to the scene on her straight side , even if she doesn ' t happen a girlfriend .
In the U . K . , it does not indicate that one of the men with their first hair were their own and successful .
Of our business , we have absolutely increased that , he said , in the way that the Taliban could fall to its overseas and its overall borders .
Over a month , the based company services are still more than 17 per cent in the U . S . equivalent down .


MLE pretraining epoch 44/80
train/nll                                @ write 44 = 2.3113

samples generated after 44 epochs
There were some dangerous attacks , with many people teenagers and feared all their stories face processes from being able to survive .
The Raiders think attacking whether the advisers are fined on Super Bowl North Korea since early after he served in a row .
With Donald Trump home the state president ' s speech in law , abortion appears to close to and created a more effective role .
In September , the UK was reported to ignore the prospect of gun weapons arrived in 2014 , and moderate deadly strikes checks , Australian Prime Committee .
Once you go on it to Red ' s cars , I don ' t know what is my influence of fishing .


MLE pretraining epoch 45/80
train/nll                                @ write 45 = 2.3090

test/oracle_nll                          @ write 45 = 2.6260
test/nll                                 @ write 45 = 2.2141

samples generated after 45 epochs
For me , all of the BBC ' s sales returns almost greatest 14 per cent of population is established , he lost their Golden debut contributions by nearly half .
But you ' ll start , a lot of things that we can ' t see , which is one of the reasons the other nights have , he said .
He said Brazilian sports did have been acting reaching for the safety of material and extreme arts , but police said the town ' s language requires attention to the shooting and remain supported .
The UK will fight on that 55 per cent of the hospitals , although prices can be less robust .
Such these studies are now games , as Denmark and the Royal Services in Paris , Britain are delivering global differences , which has joined parliament as much as the Greek end of Scotland in the past year .


MLE pretraining epoch 46/80
train/nll                                @ write 46 = 2.3062

samples generated after 46 epochs
Like Ms . Clinton ' s speech in Pennsylvania , Hillary Clinton was Leave for Donald Trump with a third at 30 percent from Trump for Mr . Obama .
Since Trump took a contest in GOP polls in Florida , Clinton would be mostly given his nomination to narrow in June and addressed the nomination .
Now it ' s easy to be looking for a couple of players to see the videos , but in a way you start trying to come back home .
The TV is exciting because I believe it will be the first thing a long husband can rely on the ball , she said .
With a ball of ground I did what would happen through the purchase of my job and never look like she was over a couple of hours .


MLE pretraining epoch 47/80
train/nll                                @ write 47 = 2.3037

test/oracle_nll                          @ write 47 = 2.6892
test/nll                                 @ write 47 = 2.2089

samples generated after 47 epochs
Our incredible identity stuff cycle has problems across the company but across Scotland when she will be in the front of Europe for two years .
What does have come into is very different in the United Kingdom , it ' s the devastating opportunity that I mean in this future .
The research has been scheduled by the Federal Bureau to target a 72 , 500 stream for those significantly judge to speed over cooperation as well as comfort elsewhere .
Who of the words areas say they don ' t press it , but the support of her counter from just his health needs to be mentioned .
The levels are working as UK officials enter 20 million of its personal companies as its biggest ones of currency spending failed for its role with an ongoing answer for staff throughout India .


MLE pretraining epoch 48/80
train/nll                                @ write 48 = 2.3016

samples generated after 48 epochs
But a tournament who lived after the Supreme Court statement tells Radio More to advance women ' s report if regional systems created his monthly offer to begin there .
I know what is happening , I don ' t hope of doing what I want and that money doesn ' t point I think that some of the things we have had .
He also believes I think we play for hanging during the season in the summer we ' ll always be able to focus on running after Super Bowl .
In Flint , he announced Hillary Clinton was more likely to draw fears about the billionaire students tactics of the group .
That ' s the couple of six options who were supposed to be healthy and large , at the same time , she said .


MLE pretraining epoch 49/80
train/nll                                @ write 49 = 2.2989

test/oracle_nll                          @ write 49 = 2.6592
test/nll                                 @ write 49 = 2.2041

samples generated after 49 epochs
We were in Africa ' s 18 years point and had riding extremely a more hard plane amazing than it was .
A Justice Department officer has been jailed on CCTV in German army officials and said he used a robbery phase for it through court .
All two of us get efforts to get away to low ground relationship and President Vladimir Putin just , regardless of whether is corruption ?
But if you hear the history in the bedroom it has been today , it would hope so far he ' d have to hit a workplace in the last half there .
I hope we are struggling to succeed that , and it ' s an back off next night to try to gather dialogue to stop our smartphone .


saved 1 models
MLE pretraining epoch 50/80
train/nll                                @ write 50 = 2.2966

samples generated after 50 epochs
We ' re not doing that but we must negotiate it about if it is anything the things , he said .
Although building financial sales are unclear if if your critics may simply be able to run mosquito , Royal officials said it would have been off its decision to boost future status .
He was worried whether its permission was linked and would to put the windows behind him to leave his role .
The user continues to come out because they are effective and not registered because there ' s nothing about what they do .
City ' s long term market , but over the past financial positive years it gives pay around 30 minutes .


MLE pretraining epoch 51/80
train/nll                                @ write 51 = 2.2944

test/oracle_nll                          @ write 51 = 2.6223
test/nll                                 @ write 51 = 2.2000

samples generated after 51 epochs
He spoke with family as a team finding bond on gain stores , which will require place back to contract .
She added It ' s hard for us to have 80 under jobs in order to share sales during its recession .
But with bringing into an election deal , remaining voting card by violent voters may add a 60 1 lead across 2016 .
At the time of my life , ministers is try for them to get racism to defense beyond you , he said .
I don ' t understand that there ' s the odds of talent done and hope to protect it training , according to the single market .


MLE pretraining epoch 52/80
train/nll                                @ write 52 = 2.2923

samples generated after 52 epochs
It says , the controversial already had , with failing a side in the bombing and too far surrounded in their homes .
' She has told people why he thinks that in fact one that she never frequently makes her claim , 30 , 200 and a half minutes .
Every metre we lose a good one , too , no a problem next on The economy , Trump told The Guardian .
It ' s really good that we know that ' s fairly clear how we are going to shut me out a house ?
He visited the table to the perspective of the , but he just thinks one truth is taken until last week Mr . Obama was unable to train with her .


MLE pretraining epoch 53/80
train/nll                                @ write 53 = 2.2900

test/oracle_nll                          @ write 53 = 2.5842
test/nll                                 @ write 53 = 2.1959

samples generated after 53 epochs
' What it ' s paying you here is , how yes that types of opportunities we can be available to do is needed to develop any conditions so that target positions to share the rise , he says .
If Jones talked to me with a woman and her son , I managed to establish those trauma but there is a desire to tell me how long he got , she said .
Two four celebrities who showed around with Fairfax Young sent out seven hits into customer card attempts at the drought until the morning .
Donald Trump , meanwhile , wrote that it is determined that leadership was bigger , it would be proven about two .
I thought it ' s a duty they won only in terms of that happen , three days ago and today and you ' ve got anybody who wins a little bit .


MLE pretraining epoch 54/80
train/nll                                @ write 54 = 2.2879

samples generated after 54 epochs
They said he had committed earning breaking a game in a wide fan saying that she had been moving out of the morning for AFL in a month .
I took a toll by veteran person and another of 44 million in this farm , others said .
I ' m going to take my money , at a very happy day and it is girls who go is very cool with the momentum , so what ' s important , he says .
She said It seems very difficult , but being criticised around where you don ' t know fresh notes , she says .
David Cameron opened up on TV supply elections from by Cruz , who supports Mrs Clinton to immigration up 17 points .


MLE pretraining epoch 55/80
train/nll                                @ write 55 = 2.2859

test/oracle_nll                          @ write 55 = 2.5928
test/nll                                 @ write 55 = 2.1918

samples generated after 55 epochs
The actual rise gathered on Tuesday ' s economy last week against a day for the 25 days in previous years .
Her phone is as an office for human strength , and spent an early report heading by the hospital and commander on her head , refugees choose to do this .
One of those employees will ease up of one dead because of having worked on there , even as same causes , for your life after reading it until your retirement , family said .
It was different and it comes higher for them , they ' m very likely to be a Turkish side for the government , or that area is still stronger .
But these in the Other Europe offices will target all are thrown on and the danger calls cheap will grow up .


MLE pretraining epoch 56/80
train/nll                                @ write 56 = 2.2843

samples generated after 56 epochs
Despite sure it ' s not too ideal to protecting Turkey , they don ' t need this culture right .
One of the characters are behind the expenses and didn ' t want to be heard what they didn ' t do , he told the BBC .
We ' d want to get good developments on the wine or see , however , he said during a centre rally Saturday .
This is also what after angry subjects , about 150 million refugees have decided to achieve part of them .
What the ACT government has has to move in and out in her campaign is always met after and as a business person will actually operate closely with what happens to me .


MLE pretraining epoch 57/80
train/nll                                @ write 57 = 2.2825

test/oracle_nll                          @ write 57 = 2.5968
test/nll                                 @ write 57 = 2.1881

samples generated after 57 epochs
I don ' t think these these two balls are able to drive in the start of Australian Obama next season .
Still , the key cause of more planning doesn ' t require advertising 80 , 000 higher , compared to others in its opinion .
Other people decided to make every return or lie and before expecting them on the basis of the particularly outstanding support since they were being interviewed during the trial .
The April 24 day rise follows more than 5 , 300 people in one country cases for a dog .
The bank may not accept a difference , promoted Smith suspended when the 9 . 10 million would have been said .


MLE pretraining epoch 58/80
train/nll                                @ write 58 = 2.2805

samples generated after 58 epochs
When Iraqi officials took control of it , other countries must have powers where they could afford control than the table and preserve their allies vote .
And however , the other goal is to identify fifth benefits online with the last month of the election overall in the Times , which has also been inspired .
This has been operations against England ' s team and any , all the long term technology , exchange along feet .
He was in the league and we could get on by , and we wanted to look out their player , he said .
Attorney has previously laid off the rest of a traditional financial project that it ' s facing for resources , researchers come forward , because they just think the price would like to develop fair business risks .


MLE pretraining epoch 59/80
train/nll                                @ write 59 = 2.2789

test/oracle_nll                          @ write 59 = 2.5965
test/nll                                 @ write 59 = 2.1855

samples generated after 59 epochs
The shift for France could continue the subject of 40 per cent of the total or expanding price requirements , a agency report predicted .
I felt that we could want this tough minute of common security , she added , noting the funding today .
But executive anger plans of authorities , the court told the city , had declined to investigate Frank was delayed by his father .
The a big one is only to begin to ask announced every week , while a High Court comes air with former Queen News chief .
I know it is an argument that we can ' t do we think we will match Britain in three years .


saved 1 models
MLE pretraining epoch 60/80
train/nll                                @ write 60 = 2.2771

samples generated after 60 epochs
But you re trying to pay each 0 that lost 10 of their time by the tournament and 10 . 5 per cent .
We would need to be fully aware of telling them to be pretty careful if they are going to fix us .
The men and mobile militants are left in Syria at the very dark of the areas , and they will find their own voice .
The prosecutor also stated that she never had 18 but she was sent away to her husband ' s family , not only .
An appearance was sent out to the man and chief said she had not been named enough , he said .


MLE pretraining epoch 61/80
train/nll                                @ write 61 = 2.2757

test/oracle_nll                          @ write 61 = 2.6640
test/nll                                 @ write 61 = 2.1821

samples generated after 61 epochs
And her only alleged life was , Royal Little John Evans me , I think that privately , I never presented those people in question ?
But against the Iranian economy , the long range among countries , which has fallen more than its own population , fell by 2 . 8 .
You want to take the all schools to think what you want to be a lower artist and they do anything .
But that is different than proper as former institution Congress and the Trump administration should be directly forced to build its wider care and industrial condition .
The Trust sees director of his local based statements and Republicans constantly visiting the family to buy their death up in most of the country miles .


MLE pretraining epoch 62/80
train/nll                                @ write 62 = 2.2736

samples generated after 62 epochs
I mean , all had spent some risk out of Paris , but never far America ' s pupils who have been prepared to live in shape here justice to create better friends .
The morning there is not a traditional problem in armed in the game , although he is also drawn in there to give her body cars .
We continue to worry about that rather matter whether it actually does not seem to sell us , he said .
Now in 26 round 40 gold medals in the year , the top 10 players said they are often running .
At this point , you know what is so bad where the person told their employees and how specifically the relationship was something that you think might end at .


MLE pretraining epoch 63/80
train/nll                                @ write 63 = 2.2722

test/oracle_nll                          @ write 63 = 2.6110
test/nll                                 @ write 63 = 2.1788

samples generated after 63 epochs
We will be in the European Union as the younger players in Ohio are far at in an effort .
Rio University said Thompson Scott , who covers 21 15 at the time , got a song and now out of detailed contact to an explosion .
But you don ' t realize you ' re like them , how you , what any thing have happened to me .
The six Turkey remains sent to North Korea as we choose back hands , hitting the groups now associate back into Mosul .
Don ' t recognize the advantage on the phones but we have times while there is always a handful of producers that are informed of the kitchen holiday .


MLE pretraining epoch 64/80
train/nll                                @ write 64 = 2.2705

samples generated after 64 epochs
2 UPI A common children whose job was moved out of the road , and had lots of speed done not immediately likely but to make tickets down .
David Cameron said would be bigger than the campaign ' s figures at which the President has walked criticism for each other .
This is an not easy way to do this to account to make sure that families are not respected the results of free travel and work .
Now we serve back to our top players , we ' ve played a match the world but our number has taken our position in , going and we haven ' t in the match .
Most victims from pregnant students heard they had gone there in water from women and are together for rental , bills and health , a government wrote .


MLE pretraining epoch 65/80
train/nll                                @ write 65 = 2.2691

test/oracle_nll                          @ write 65 = 2.5721
test/nll                                 @ write 65 = 2.1760

samples generated after 65 epochs
I ' m , secret back press polling and there ' s a global opportunity to say how I share themselves .
A person also indicated , so also shows Mr Erdogan ' s action management , saying was not provided on any intention of investigating the incident .
After a significant attack on every court of the company that Miss Clark is being admitted and let Islamic State ' s regime .
It has not made the prospect of threat to the United States ' s decision to be held by the Welsh Government .
I guess I went in a position where there wasn ' t one conversation in the 21st century building where any of the girls can time to tell me this time .


MLE pretraining epoch 66/80
train/nll                                @ write 66 = 2.2672

samples generated after 66 epochs
He hopes to carry out plans over the next five another month that has women inside the company of natural education .
Though every can put 70 of the average funding , some of the powers migrant concern have been approved ahead of this cycle .
But if Sweden ' s all states stand out that needs to take place , negotiations must face a new list of sick done there .
I am now looking forward to living in the process of making these decisions and stand out when it comes to my administration .
' I think you will always have a young woman who ' s come in and probably have to turn up here and be a natural player .


MLE pretraining epoch 67/80
train/nll                                @ write 67 = 2.2659

test/oracle_nll                          @ write 67 = 2.5925
test/nll                                 @ write 67 = 2.1739

samples generated after 67 epochs
We actually hope people have to say the measure we live hard but because they are still hard , it should not be so bright how much parents would take it .
The Pentagon offered Brexit to be renewed , but the campaign has said that demands will swing the EU , and it will become popular in a process that will be held in nearly two years .
Two staff and in any days have an extensive increase with their asylum , military figures showed , compared with 23 per cent of total adults in 2014 in half from 39 per cent .
This will drop down among the EU ' s government investors and businesses to learn those infrastructure across Scotland in a competitive scale .
' When we had been asked about a lot of events taken without it is going to be a TV sum .


MLE pretraining epoch 68/80
train/nll                                @ write 68 = 2.2646

samples generated after 68 epochs
I will remember that they talked about clothes or just competing friends , who was here to offer a pretty good year and you accepted finding a young life .
A reality store that will be built in has a degree from cities , there is no way to say that transgender all affected American work is going to be very special .
It was fair to find anything like it would was easily charged , meaning the alcohol would be difficult to learn what shock .
The Kremlin has sent up their emails into the government of its deadly set farm on the continent ' s security , official minister skills .
The NFL ticket James suggested that during hand U . S . workers have turned together through reduced rates of low carbon poverty before buying up for sale to 10 percent .


MLE pretraining epoch 69/80
train/nll                                @ write 69 = 2.2628

test/oracle_nll                          @ write 69 = 2.5527
test/nll                                 @ write 69 = 2.1711

samples generated after 69 epochs
What tells me but is that I was going to carry those opportunities to make someone walking in Denmark as a result I enjoyed like the first of someone else .
Some we want to know , investigators say , not companies , or families on defence , particularly up and ever fly into the media and how they agree .
But most popular lawmakers are left on some challenges in front of us having jets which they haven ' t had to do anything .
When I have the idea that you look at the tight TV and it should sell this team every week , we will lose the academy .
Labour on Feb voted for Saudi Arabia to work to arrest this law , after the U . N . came on to discuss its deal .


saved 1 models
MLE pretraining epoch 70/80
train/nll                                @ write 70 = 2.2617

samples generated after 70 epochs
The pilot has been shooting neither Syrian president and repeated relations might be signed for top cell findings seized by the Islamic State .
I take with her to promote me to find her and making the drink and he ' s only lovely on James .
It makes a sense saying that ' s why they commit to them , to appear , but have got those bodies to other men who are entering the draft .
I wasn ' t worried not until any party had made so much time headed here but then magic , whatever ' s not something why hope he ' s honest .
But he is more close to after , but it ' s important for me to remember what he ' s like .


MLE pretraining epoch 71/80
train/nll                                @ write 71 = 2.2606

test/oracle_nll                          @ write 71 = 2.5845
test/nll                                 @ write 71 = 2.1684

samples generated after 71 epochs
The average economic rate testing is published with many 27 late its fiscal share of capital projects , should such use a reputation of one share of tax earnings .
I still want them to have such an chances from who to come to do your job shared , so I mean and get instead of saving us .
For for a number of days , women chosen to tell her the drink ' s equivalent year , take hundreds of children in the past 13 years .
There ' s no need for Americans to find a school and instead doesn ' t see Hillary Clinton but that has an option .
The African American side has claimed at a level requiring concerns from other activists that figure themselves out of how well the suspects be well met .


MLE pretraining epoch 72/80
train/nll                                @ write 72 = 2.2591

samples generated after 72 epochs
He ' s intended for that since launching the travel and three have had proven to be transferred to times for other farmers .
You may have your photograph left on Sunday night in Manchester at a quality game so you would feel great after his study so I couldn ' t even attend the ball in Los Angeles .
That is what supports our plan and we ' ll go in and make sure that we ' ll play up while just playing it .
However , it was finally on a hotel host to take place after seven weeks to spread at the room .
But if everyone look after things will have been happened , it has never been on the side of them , he said .


MLE pretraining epoch 73/80
train/nll                                @ write 73 = 2.2579

test/oracle_nll                          @ write 73 = 2.5227
test/nll                                 @ write 73 = 2.1661

samples generated after 73 epochs
Indeed , the host point in March cat strikes about 25 , 000 will have share of ten groups during 2016 .
Obama complained that President Obama will get the bloc ' s economic pound to the U . S . and Canada for hacking benefits .
The Prime Minister ' s 9 January have said it understood immigrants from some member groups will take back enough support to the economic , following a boost to just directly reaching the base for Asia once march office into Syrian citizens .
Lady Smith could be burning after him , before a paper emerged on April 20 , adding that other Chinese Labour organizations now view in many cases .
Russia ' s senior PM called the first fund more than 2 million refugees around Greece and tests , followed in a U . S . offensive service .


MLE pretraining epoch 74/80
train/nll                                @ write 74 = 2.2566

samples generated after 74 epochs
They have been registered with years of cancer in the past year , and the military are active , on the weekend to France .
But later within the only few months later ends , there has been an impact since the effect of Scotland ' s players .
Oil is a fantastic factor for Iraqi Air and small families , but the people who only come to understand their homes , it will have received the claim people who want to do that .
Don ' t necessarily work on your sentence and you plan to want to see how , I know the pressure was for you .
She has was involved at the time search up to 9 a year with a dog is who needed today .


MLE pretraining epoch 75/80
train/nll                                @ write 75 = 2.2555

test/oracle_nll                          @ write 75 = 2.5563
test/nll                                 @ write 75 = 2.1635

samples generated after 75 epochs
A number of people have spoken if they were diagnosed with cancer in other countries , but were found dead and injured in the bombings .
But from early Thursday afternoon , Ford had him there , at the time , when I began right , then we left our eyes doors at this moment ' s game .
Second winter parliament has said it could reach a target of 3 per cent in 2016 ; to 20 billion in oil matches .
Yet that ' s due to intense pressure to stop on making matters , being affected by constitutional freedom that are targeted in 1989 .
The highest number of weight fans under zero than the top 35 , two companies and most important points will add 10 million annually .


MLE pretraining epoch 76/80
train/nll                                @ write 76 = 2.2538

samples generated after 76 epochs
No charity has a phones of 8 , 000 years , and it was tough for most of us as children , because they got us out of trouble for having to make America safer this ?
But Ms Murray said ' I don ' t believe I want to talk to anyone very , have concluded every things , because of the UK , you ' ll be on hold all , that ' s talking to this question .
We worked together in Syria this year , just but we got a little shots to get down in the first quarter now .
U . S . companies are seeing the financial care of fewer existing companies introduced its countries , according to high economic growth at the expense of ten sales adopted in July .
The match takes place at 12 p . m . to launch insurance news stations to nearly half as low as 75 , 000 people with extra sleep one week .


MLE pretraining epoch 77/80
train/nll                                @ write 77 = 2.2528

test/oracle_nll                          @ write 77 = 2.5762
test/nll                                 @ write 77 = 2.1613

samples generated after 77 epochs
Taylor said it ' s hard to see and take a currency process , it ' s not serious in the second .
According to Prince Andrew was Canadian and the male woman of the United States and Princess Charlotte attended the death room Monday night .
And however , Iraqi allies whose group of alert package and rebel militants are seeking access for treatment , a UN report said .
To be honest , especially yesterday , when she ' s earlier in the office , all his friends , she says .
Global students believe they look to help those involved people make through lifetime homes , so there is no need .


MLE pretraining epoch 78/80
train/nll                                @ write 78 = 2.2513

samples generated after 78 epochs
It was certainly a question if we felt like I was having such a level of sex while just one club . . . but we would see it artificial hurt .
They always have a pre on Earth and I ' m really proud of what time we do before we lose .
That ' s now in the right direction for the but we have got our service , and if I have like the next five months to win , we need to stay back .
After ministers living in the country at 30 years before the Paris election , the troops against civilians who backed the rebels Clinton campaign became CNN .
After the election brought into is how powerful , I would have enjoyed using the machines to pay that our work service on Christmas changes for the market .


MLE pretraining epoch 79/80
train/nll                                @ write 79 = 2.2505

test/oracle_nll                          @ write 79 = 2.5553
test/nll                                 @ write 79 = 2.1587

samples generated after 79 epochs
It was just a man in this country and he worked and said it ' s a bad challenge , Davis told BBC Reuters .
How said there are changes is generally the plan and its Masters , better than sold up in countries 2014 .
And living who , now is like and what goes to whatever you need before is they asked about how they can work .
He was still a one bedroom match when his second editor was allowed to quit with a great football training game coach .
The task passengers send them into screen fee is we able to prepare the items that get harder on consumption less than what is needed .


saved 1 models
transfered weights from generator to discriminator
ADV training epoch 0
train/P(real)                            @ write 80 = 0.5074
train/P(fake)                            @ write 80 = 0.4880
train/Disc Loss                          @ write 80 = 0.6866
train/Critic Loss                        @ write 80 = 46.0770

samples generated after 0 epochs
She urged two men for at a maximum stop for her to leave her even this year by seeing eight Iranian reviews more because it is being seen as her jobs .
It ' s always made by technology , but that ' s kind of going out of the early season in Edinburgh .
Oil aims to bring Britain into the UK , to one of one most dangerous forces , 49 and 400 billion into oil and gas as part of the economic economy .
You should then look at the guy I don ' t know ; it ' s really something I was positive on when you couldn ' t find any of them .
This is not about the problem ; when those places are fatal advocates children by the age world .


ADV training epoch 1
Traceback (most recent call last):
  File "main.py", line 171, in <module>
    apply_loss(optimizer_gen, gen_loss, clip_norm=args.grad_clip)
  File "/home/optimass/OnExposureBias/utils.py", line 193, in apply_loss
    loss.backward(retain_graph=retain_graph)
  File "/home/optimass/torch/lib/python3.6/site-packages/torch/tensor.py", line 93, in backward
    torch.autograd.backward(self, gradient, retain_graph, create_graph)
  File "/home/optimass/torch/lib/python3.6/site-packages/torch/autograd/__init__.py", line 90, in backward
    allow_unreachable=True)  # allow_unreachable flag
RuntimeError: CUDA error: out of memory
