creating new word dictionary
Warning: new arg 'character_level' given value 'False'
model successfully loaded
switching the temperature to 1.06
Warning: new arg 'character_level' given value 'False'
model successfully loaded
teacher forcing : True
eval/train_entropy                       @ write 0 = 4.2739
batch contains 1000 / 1000 active sentences
eval/train_entropy                       @ write 1 = 4.2186
eval/train_oracle_nll                    @ write 1 = 4.2771
batch contains 1000 / 1000 active sentences
eval/train_entropy                       @ write 2 = 3.2862
batch contains 1000 / 1000 active sentences
eval/train_entropy                       @ write 3 = 3.6009
eval/train_oracle_nll                    @ write 3 = 3.2879
batch contains 1000 / 1000 active sentences
eval/train_entropy                       @ write 4 = 3.6882
batch contains 1000 / 1000 active sentences
eval/train_entropy                       @ write 5 = 3.6259
eval/train_oracle_nll                    @ write 5 = 3.5306
batch contains 1000 / 1000 active sentences
eval/train_entropy                       @ write 6 = 3.6783
batch contains 1000 / 1000 active sentences
eval/train_entropy                       @ write 7 = 3.5955
eval/train_oracle_nll                    @ write 7 = 3.6101
batch contains 1000 / 1000 active sentences
eval/train_entropy                       @ write 8 = 3.6108
batch contains 1000 / 1000 active sentences
eval/train_entropy                       @ write 9 = 3.4897
eval/train_oracle_nll                    @ write 9 = 3.5520
batch contains 1000 / 1000 active sentences
eval/train_entropy                       @ write 10 = 3.5054
batch contains 1000 / 1000 active sentences
eval/train_entropy                       @ write 11 = 3.6518
eval/train_oracle_nll                    @ write 11 = 3.3208
batch contains 1000 / 1000 active sentences
eval/train_entropy                       @ write 12 = 3.5038
batch contains 1000 / 1000 active sentences
eval/train_entropy                       @ write 13 = 3.5091
eval/train_oracle_nll                    @ write 13 = 3.4445
batch contains 1000 / 1000 active sentences
eval/train_entropy                       @ write 14 = 3.5107
batch contains 1000 / 1000 active sentences
eval/train_entropy                       @ write 15 = 3.5386
eval/train_oracle_nll                    @ write 15 = 3.4893
batch contains 1000 / 1000 active sentences
eval/train_entropy                       @ write 16 = 3.5559
batch contains 1000 / 1000 active sentences
eval/train_entropy                       @ write 17 = 3.5098
eval/train_oracle_nll                    @ write 17 = 3.4182
batch contains 1000 / 1000 active sentences
eval/train_entropy                       @ write 18 = 3.5377
batch contains 1000 / 1000 active sentences
eval/train_entropy                       @ write 19 = 3.3865
eval/train_oracle_nll                    @ write 19 = 3.3556
batch contains 993 / 1000 active sentences
eval/train_entropy                       @ write 20 = 3.2411
batch contains 973 / 1000 active sentences
eval/train_entropy                       @ write 21 = 2.8597
eval/train_oracle_nll                    @ write 21 = 3.2686
batch contains 884 / 1000 active sentences
eval/train_entropy                       @ write 22 = 2.5502
batch contains 800 / 1000 active sentences
eval/train_entropy                       @ write 23 = 2.2210
eval/train_oracle_nll                    @ write 23 = 3.0082
batch contains 711 / 1000 active sentences
eval/train_entropy                       @ write 24 = 1.9641
batch contains 621 / 1000 active sentences
eval/train_entropy                       @ write 25 = 1.6292
eval/train_oracle_nll                    @ write 25 = 3.0915
batch contains 518 / 1000 active sentences
eval/train_entropy                       @ write 26 = 1.3440
batch contains 440 / 1000 active sentences
eval/train_entropy                       @ write 27 = 1.2140
eval/train_oracle_nll                    @ write 27 = 3.0029
batch contains 379 / 1000 active sentences
eval/train_entropy                       @ write 28 = 0.9655
batch contains 325 / 1000 active sentences
eval/train_entropy                       @ write 29 = 0.8047
eval/train_oracle_nll                    @ write 29 = 2.9871
batch contains 272 / 1000 active sentences
eval/train_entropy                       @ write 30 = 0.6693
batch contains 222 / 1000 active sentences
eval/train_entropy                       @ write 31 = 0.5658
eval/train_oracle_nll                    @ write 31 = 3.2189
batch contains 186 / 1000 active sentences
eval/train_entropy                       @ write 32 = 0.4380
batch contains 154 / 1000 active sentences
eval/train_entropy                       @ write 33 = 0.3858
eval/train_oracle_nll                    @ write 33 = 2.8147
batch contains 129 / 1000 active sentences
eval/train_entropy                       @ write 34 = 0.2937
batch contains 103 / 1000 active sentences
eval/train_entropy                       @ write 35 = 0.2959
eval/train_oracle_nll                    @ write 35 = 2.8856
batch contains 89 / 1000 active sentences
eval/train_entropy                       @ write 36 = 0.2417
batch contains 78 / 1000 active sentences
eval/train_entropy                       @ write 37 = 0.1858
eval/train_oracle_nll                    @ write 37 = 2.8574
batch contains 64 / 1000 active sentences
eval/train_entropy                       @ write 38 = 0.1559
batch contains 55 / 1000 active sentences
eval/train_entropy                       @ write 39 = 0.1006
eval/train_oracle_nll                    @ write 39 = 2.5636
batch contains 42 / 1000 active sentences
eval/train_entropy                       @ write 40 = 0.1001
batch contains 38 / 1000 active sentences
eval/train_entropy                       @ write 41 = 0.0846
eval/train_oracle_nll                    @ write 41 = 2.3903
batch contains 27 / 1000 active sentences
eval/train_entropy                       @ write 42 = 0.0647
batch contains 22 / 1000 active sentences
eval/train_entropy                       @ write 43 = 0.0326
eval/train_oracle_nll                    @ write 43 = 3.0646
batch contains 18 / 1000 active sentences
eval/train_entropy                       @ write 44 = 0.0265
most likely sentences under oracle:
A 35 year old woman was trapped inside the vehicle and was taken to the Royal Brisbane and Women ' s Hospital .
nll oracle: 1.8341344750445823
The 24 year old , who cannot be named for legal reasons , was arrested on Wednesday morning along with a 32 year old man who was arrested in northern NSW .
nll oracle: 1.916710615158081
U . S . stocks rose on Thursday , led by gains in bank shares , a day after the Federal Reserve raised interest rates for the second time in nearly a decade .
nll oracle: 1.9648709016687729
least likely sentences under oracle:
The show keeps its touch light by having political issues and the running of government take back seats to personality .
nll oracle: 5.400076729910714
Clinton would be an average president because in a majority vote between average and any other grade , it wins .
nll oracle: 5.256111145019531
By closing with contemporary Syrian works , the show suggests that , against all present evidence , there could be peace again .
nll oracle: 5.210550059442935
teacher forcing : True
eval/test_entropy                        @ write 0 = 4.2739
batch contains 1000 / 1000 active sentences
eval/test_entropy                        @ write 1 = 4.2537
eval/test_oracle_nll                     @ write 1 = 4.4210
batch contains 1000 / 1000 active sentences
eval/test_entropy                        @ write 2 = 3.4478
batch contains 1000 / 1000 active sentences
eval/test_entropy                        @ write 3 = 3.5476
eval/test_oracle_nll                     @ write 3 = 3.6395
batch contains 1000 / 1000 active sentences
eval/test_entropy                        @ write 4 = 3.6476
batch contains 1000 / 1000 active sentences
eval/test_entropy                        @ write 5 = 3.6828
eval/test_oracle_nll                     @ write 5 = 3.8427
batch contains 1000 / 1000 active sentences
eval/test_entropy                        @ write 6 = 3.6350
batch contains 1000 / 1000 active sentences
eval/test_entropy                        @ write 7 = 3.6001
eval/test_oracle_nll                     @ write 7 = 3.7107
batch contains 1000 / 1000 active sentences
eval/test_entropy                        @ write 8 = 3.6309
batch contains 1000 / 1000 active sentences
eval/test_entropy                        @ write 9 = 3.5424
eval/test_oracle_nll                     @ write 9 = 3.8746
batch contains 1000 / 1000 active sentences
eval/test_entropy                        @ write 10 = 3.5336
batch contains 1000 / 1000 active sentences
eval/test_entropy                        @ write 11 = 3.5249
eval/test_oracle_nll                     @ write 11 = 3.6273
batch contains 1000 / 1000 active sentences
eval/test_entropy                        @ write 12 = 3.4798
batch contains 1000 / 1000 active sentences
eval/test_entropy                        @ write 13 = 3.6157
eval/test_oracle_nll                     @ write 13 = 3.5376
batch contains 1000 / 1000 active sentences
eval/test_entropy                        @ write 14 = 3.5313
batch contains 1000 / 1000 active sentences
eval/test_entropy                        @ write 15 = 3.5636
eval/test_oracle_nll                     @ write 15 = 3.8199
batch contains 1000 / 1000 active sentences
eval/test_entropy                        @ write 16 = 3.6211
batch contains 1000 / 1000 active sentences
eval/test_entropy                        @ write 17 = 3.4008
eval/test_oracle_nll                     @ write 17 = 3.8439
batch contains 1000 / 1000 active sentences
eval/test_entropy                        @ write 18 = 3.5289
batch contains 1000 / 1000 active sentences
eval/test_entropy                        @ write 19 = 3.4349
eval/test_oracle_nll                     @ write 19 = 3.7559
batch contains 992 / 1000 active sentences
eval/test_entropy                        @ write 20 = 3.2799
batch contains 971 / 1000 active sentences
eval/test_entropy                        @ write 21 = 2.9705
eval/test_oracle_nll                     @ write 21 = 3.4544
batch contains 900 / 1000 active sentences
eval/test_entropy                        @ write 22 = 2.6432
batch contains 817 / 1000 active sentences
eval/test_entropy                        @ write 23 = 2.3053
eval/test_oracle_nll                     @ write 23 = 3.3072
batch contains 727 / 1000 active sentences
eval/test_entropy                        @ write 24 = 2.0441
batch contains 632 / 1000 active sentences
eval/test_entropy                        @ write 25 = 1.7075
eval/test_oracle_nll                     @ write 25 = 3.4499
batch contains 558 / 1000 active sentences
eval/test_entropy                        @ write 26 = 1.4336
batch contains 472 / 1000 active sentences
eval/test_entropy                        @ write 27 = 1.2386
eval/test_oracle_nll                     @ write 27 = 3.2115
batch contains 398 / 1000 active sentences
eval/test_entropy                        @ write 28 = 1.0356
batch contains 336 / 1000 active sentences
eval/test_entropy                        @ write 29 = 0.8642
eval/test_oracle_nll                     @ write 29 = 3.3732
batch contains 293 / 1000 active sentences
eval/test_entropy                        @ write 30 = 0.7671
batch contains 245 / 1000 active sentences
eval/test_entropy                        @ write 31 = 0.5779
eval/test_oracle_nll                     @ write 31 = 3.0580
batch contains 204 / 1000 active sentences
eval/test_entropy                        @ write 32 = 0.4846
batch contains 164 / 1000 active sentences
eval/test_entropy                        @ write 33 = 0.4260
eval/test_oracle_nll                     @ write 33 = 3.1772
batch contains 144 / 1000 active sentences
eval/test_entropy                        @ write 34 = 0.3531
batch contains 123 / 1000 active sentences
eval/test_entropy                        @ write 35 = 0.2998
eval/test_oracle_nll                     @ write 35 = 3.1509
batch contains 109 / 1000 active sentences
eval/test_entropy                        @ write 36 = 0.2387
batch contains 84 / 1000 active sentences
eval/test_entropy                        @ write 37 = 0.2153
eval/test_oracle_nll                     @ write 37 = 3.2043
batch contains 73 / 1000 active sentences
eval/test_entropy                        @ write 38 = 0.1624
batch contains 57 / 1000 active sentences
eval/test_entropy                        @ write 39 = 0.1218
eval/test_oracle_nll                     @ write 39 = 2.9766
batch contains 40 / 1000 active sentences
eval/test_entropy                        @ write 40 = 0.1051
batch contains 31 / 1000 active sentences
eval/test_entropy                        @ write 41 = 0.0860
eval/test_oracle_nll                     @ write 41 = 3.4867
batch contains 26 / 1000 active sentences
eval/test_entropy                        @ write 42 = 0.0642
batch contains 23 / 1000 active sentences
eval/test_entropy                        @ write 43 = 0.0512
eval/test_oracle_nll                     @ write 43 = 3.3390
batch contains 19 / 1000 active sentences
eval/test_entropy                        @ write 44 = 0.0316
most likely sentences under oracle:
U . S . stocks rose slightly on Wednesday after the Federal Reserve raise rates for the second time in a decade .
nll oracle: 1.9977884707243547
We ' re going to work something out that ' s going to make people happy and proud , Trump said in a Time magazine interview .
nll oracle: 2.119224689624928
When you ' re trying to win six in a row at the end of the year and you don ' t have a post player , I ' m sorry , it ' s not going to happen .
nll oracle: 2.242005729675293
least likely sentences under oracle:
Uber and the like describe themselves as ride sharing companies , but critics call that public relations spin .
nll oracle: 6.082530373021176
Unfortunately , it didn ' t quite winner over Craig who only scored the dance a 9 , unlike every other judge .
nll oracle: 5.872513480808424
However , one former top army lawyer claimed earlier in 2016 that the rhetoric around the Iraq abuse cases was missing basic facts .
nll oracle: 5.804452260335286
teacher forcing : False
eval/free_running_entropy                @ write 0 = 4.2739
batch contains 1000 / 1000 active sentences
eval/free_running_entropy                @ write 1 = 4.2070
eval/free_running_oracle_nll             @ write 1 = 4.1395
batch contains 1000 / 1000 active sentences
eval/free_running_entropy                @ write 2 = 3.3196
batch contains 1000 / 1000 active sentences
eval/free_running_entropy                @ write 3 = 3.5852
eval/free_running_oracle_nll             @ write 3 = 3.0627
batch contains 1000 / 1000 active sentences
eval/free_running_entropy                @ write 4 = 3.6909
batch contains 1000 / 1000 active sentences
eval/free_running_entropy                @ write 5 = 3.7578
eval/free_running_oracle_nll             @ write 5 = 3.5520
batch contains 1000 / 1000 active sentences
eval/free_running_entropy                @ write 6 = 3.8284
batch contains 1000 / 1000 active sentences
eval/free_running_entropy                @ write 7 = 3.7409
eval/free_running_oracle_nll             @ write 7 = 3.5842
batch contains 1000 / 1000 active sentences
eval/free_running_entropy                @ write 8 = 3.7386
batch contains 1000 / 1000 active sentences
eval/free_running_entropy                @ write 9 = 3.7837
eval/free_running_oracle_nll             @ write 9 = 3.4701
batch contains 1000 / 1000 active sentences
eval/free_running_entropy                @ write 10 = 3.6568
batch contains 1000 / 1000 active sentences
eval/free_running_entropy                @ write 11 = 3.6424
eval/free_running_oracle_nll             @ write 11 = 3.3546
batch contains 1000 / 1000 active sentences
eval/free_running_entropy                @ write 12 = 3.6671
batch contains 1000 / 1000 active sentences
eval/free_running_entropy                @ write 13 = 3.5805
eval/free_running_oracle_nll             @ write 13 = 3.3990
batch contains 1000 / 1000 active sentences
eval/free_running_entropy                @ write 14 = 3.6920
batch contains 1000 / 1000 active sentences
eval/free_running_entropy                @ write 15 = 3.6698
eval/free_running_oracle_nll             @ write 15 = 3.5014
batch contains 1000 / 1000 active sentences
eval/free_running_entropy                @ write 16 = 3.5486
batch contains 1000 / 1000 active sentences
eval/free_running_entropy                @ write 17 = 3.6179
eval/free_running_oracle_nll             @ write 17 = 3.2958
batch contains 999 / 1000 active sentences
eval/free_running_entropy                @ write 18 = 3.5894
batch contains 999 / 1000 active sentences
eval/free_running_entropy                @ write 19 = 3.5767
eval/free_running_oracle_nll             @ write 19 = 3.4105
batch contains 991 / 1000 active sentences
eval/free_running_entropy                @ write 20 = 3.3094
batch contains 944 / 1000 active sentences
eval/free_running_entropy                @ write 21 = 3.0584
eval/free_running_oracle_nll             @ write 21 = 3.2409
batch contains 888 / 1000 active sentences
eval/free_running_entropy                @ write 22 = 2.6673
batch contains 795 / 1000 active sentences
eval/free_running_entropy                @ write 23 = 2.3593
eval/free_running_oracle_nll             @ write 23 = 2.9864
batch contains 714 / 1000 active sentences
eval/free_running_entropy                @ write 24 = 2.0710
batch contains 631 / 1000 active sentences
eval/free_running_entropy                @ write 25 = 1.7902
eval/free_running_oracle_nll             @ write 25 = 2.9800
batch contains 538 / 1000 active sentences
eval/free_running_entropy                @ write 26 = 1.5941
batch contains 463 / 1000 active sentences
eval/free_running_entropy                @ write 27 = 1.3347
eval/free_running_oracle_nll             @ write 27 = 3.2086
batch contains 400 / 1000 active sentences
eval/free_running_entropy                @ write 28 = 1.2006
batch contains 357 / 1000 active sentences
eval/free_running_entropy                @ write 29 = 1.0608
eval/free_running_oracle_nll             @ write 29 = 3.0062
batch contains 317 / 1000 active sentences
eval/free_running_entropy                @ write 30 = 0.8326
batch contains 269 / 1000 active sentences
eval/free_running_entropy                @ write 31 = 0.6909
eval/free_running_oracle_nll             @ write 31 = 2.7271
batch contains 213 / 1000 active sentences
eval/free_running_entropy                @ write 32 = 0.5698
batch contains 171 / 1000 active sentences
eval/free_running_entropy                @ write 33 = 0.4456
eval/free_running_oracle_nll             @ write 33 = 3.2598
batch contains 145 / 1000 active sentences
eval/free_running_entropy                @ write 34 = 0.4067
batch contains 122 / 1000 active sentences
eval/free_running_entropy                @ write 35 = 0.3614
eval/free_running_oracle_nll             @ write 35 = 3.2972
batch contains 107 / 1000 active sentences
eval/free_running_entropy                @ write 36 = 0.2496
batch contains 87 / 1000 active sentences
eval/free_running_entropy                @ write 37 = 0.2127
eval/free_running_oracle_nll             @ write 37 = 2.6511
batch contains 71 / 1000 active sentences
eval/free_running_entropy                @ write 38 = 0.1768
batch contains 57 / 1000 active sentences
eval/free_running_entropy                @ write 39 = 0.1462
eval/free_running_oracle_nll             @ write 39 = 3.1626
batch contains 48 / 1000 active sentences
eval/free_running_entropy                @ write 40 = 0.0898
batch contains 34 / 1000 active sentences
eval/free_running_entropy                @ write 41 = 0.1005
eval/free_running_oracle_nll             @ write 41 = 2.0709
batch contains 31 / 1000 active sentences
eval/free_running_entropy                @ write 42 = 0.0802
batch contains 26 / 1000 active sentences
eval/free_running_entropy                @ write 43 = 0.0675
eval/free_running_oracle_nll             @ write 43 = 2.8288
batch contains 21 / 1000 active sentences
eval/free_running_entropy                @ write 44 = 0.0545
most likely sentences under oracle:
I think it was a dream come true and I think it was a real thing for me , she says .
nll oracle: 1.860735459761186
If you don ' t believe I ' m innocent , then you can make the most of it , she said .
nll oracle: 1.9045509670091711
More than 200 , 000 people have been killed by ISIS , mostly against the Islamic State group , Iraq ' s second largest city , and is currently still in talks with France .
nll oracle: 1.9154787336077008
least likely sentences under oracle:
I just love her and always go away from that organization and you see why a sub tree festival champion is totally different brother .
nll oracle: 5.20680908203125
Yes , we might have no idea that the force might be championship scenes from speeches or sites on its file .
nll oracle: 4.975700378417969
They were put together and finding solutions for funding the team took in any highly well known county team .
nll oracle: 4.955078887939453
eval/RNN_test_acc                        @ write 0 = 0.5134
eval/RNN_train_acc                       @ write 0 = 0.5069
eval/RNN_test_loss                       @ write 0 = 0.0154
eval/RNN_train_loss                      @ write 0 = 0.0108
eval/RNN_test_acc                        @ write 10 = 0.5000
eval/RNN_train_acc                       @ write 10 = 0.5631
eval/RNN_test_loss                       @ write 10 = 0.0162
eval/RNN_train_loss                      @ write 10 = 0.0106
eval/RNN_test_acc                        @ write 20 = 0.5960
eval/RNN_train_acc                       @ write 20 = 0.7819
eval/RNN_test_loss                       @ write 20 = 0.0185
eval/RNN_train_loss                      @ write 20 = 0.0076
eval/RNN_test_acc                        @ write 30 = 0.5826
eval/RNN_train_acc                       @ write 30 = 0.8850
eval/RNN_test_loss                       @ write 30 = 0.0248
eval/RNN_train_loss                      @ write 30 = 0.0049
eval/RNN_test_acc                        @ write 40 = 0.5491
eval/RNN_train_acc                       @ write 40 = 0.9269
eval/RNN_test_loss                       @ write 40 = 0.0279
eval/RNN_train_loss                      @ write 40 = 0.0033
eval/RNN_test_acc                        @ write 50 = 0.5580
eval/RNN_train_acc                       @ write 50 = 0.9762
eval/RNN_test_loss                       @ write 50 = 0.0391
eval/RNN_train_loss                      @ write 50 = 0.0014
eval/RNN_test_acc                        @ write 60 = 0.5647
eval/RNN_train_acc                       @ write 60 = 0.9356
eval/RNN_test_loss                       @ write 60 = 0.0367
eval/RNN_train_loss                      @ write 60 = 0.0029
eval/RNN_test_acc                        @ write 70 = 0.5781
eval/RNN_train_acc                       @ write 70 = 0.9944
eval/RNN_test_loss                       @ write 70 = 0.0512
eval/RNN_train_loss                      @ write 70 = 0.0003
eval/RNN_test_acc                        @ write 80 = 0.5915
eval/RNN_train_acc                       @ write 80 = 0.9994
eval/RNN_test_loss                       @ write 80 = 0.0659
eval/RNN_train_loss                      @ write 80 = 0.0000
eval/RNN_test_acc                        @ write 90 = 0.5469
eval/RNN_train_acc                       @ write 90 = 0.9994
eval/RNN_test_loss                       @ write 90 = 0.0888
eval/RNN_train_loss                      @ write 90 = 0.0000
eval/RNN_test_acc                        @ write 100 = 0.5536
eval/RNN_train_acc                       @ write 100 = 1.0000
eval/RNN_test_loss                       @ write 100 = 0.0958
eval/RNN_train_loss                      @ write 100 = 0.0000
eval/RNN_test_acc                        @ write 110 = 0.5558
eval/RNN_train_acc                       @ write 110 = 1.0000
eval/RNN_test_loss                       @ write 110 = 0.1012
eval/RNN_train_loss                      @ write 110 = 0.0000
eval/RNN_test_acc                        @ write 120 = 0.5491
eval/RNN_train_acc                       @ write 120 = 1.0000
eval/RNN_test_loss                       @ write 120 = 0.0929
eval/RNN_train_loss                      @ write 120 = 0.0000
eval/RNN_test_acc                        @ write 130 = 0.5692
eval/RNN_train_acc                       @ write 130 = 1.0000
eval/RNN_test_loss                       @ write 130 = 0.0906
eval/RNN_train_loss                      @ write 130 = 0.0000
eval/RNN_test_acc                        @ write 140 = 0.5558
eval/RNN_train_acc                       @ write 140 = 1.0000
eval/RNN_test_loss                       @ write 140 = 0.1028
eval/RNN_train_loss                      @ write 140 = 0.0000
eval/RNN_test_acc                        @ write 150 = 0.5625
eval/RNN_train_acc                       @ write 150 = 1.0000
eval/RNN_test_loss                       @ write 150 = 0.0930
eval/RNN_train_loss                      @ write 150 = 0.0000
eval/RNN_test_acc                        @ write 160 = 0.5647
eval/RNN_train_acc                       @ write 160 = 1.0000
eval/RNN_test_loss                       @ write 160 = 0.0991
eval/RNN_train_loss                      @ write 160 = 0.0000
eval/RNN_test_acc                        @ write 170 = 0.5737
eval/RNN_train_acc                       @ write 170 = 1.0000
eval/RNN_test_loss                       @ write 170 = 0.0936
eval/RNN_train_loss                      @ write 170 = 0.0000
eval/RNN_test_acc                        @ write 180 = 0.5603
eval/RNN_train_acc                       @ write 180 = 1.0000
eval/RNN_test_loss                       @ write 180 = 0.1114
eval/RNN_train_loss                      @ write 180 = 0.0000
eval/RNN_test_acc                        @ write 190 = 0.5402
eval/RNN_train_acc                       @ write 190 = 1.0000
eval/RNN_test_loss                       @ write 190 = 0.1336
eval/RNN_train_loss                      @ write 190 = 0.0000
eval/RNN_test_acc                        @ write 200 = 0.5848
eval/RNN_train_acc                       @ write 200 = 1.0000
eval/RNN_test_loss                       @ write 200 = 0.0892
eval/RNN_train_loss                      @ write 200 = 0.0000
eval/RNN_test_acc                        @ write 210 = 0.5647
eval/RNN_train_acc                       @ write 210 = 1.0000
eval/RNN_test_loss                       @ write 210 = 0.1160
eval/RNN_train_loss                      @ write 210 = 0.0000
eval/RNN_test_acc                        @ write 220 = 0.5915
eval/RNN_train_acc                       @ write 220 = 1.0000
eval/RNN_test_loss                       @ write 220 = 0.0839
eval/RNN_train_loss                      @ write 220 = 0.0000
eval/RNN_test_acc                        @ write 230 = 0.5692
eval/RNN_train_acc                       @ write 230 = 1.0000
eval/RNN_test_loss                       @ write 230 = 0.1070
eval/RNN_train_loss                      @ write 230 = 0.0000
eval/RNN_test_acc                        @ write 240 = 0.5759
eval/RNN_train_acc                       @ write 240 = 1.0000
eval/RNN_test_loss                       @ write 240 = 0.1012
eval/RNN_train_loss                      @ write 240 = 0.0000
