/home/optimass/torch/lib/python3.6/site-packages/torch/nn/functional.py:1006: UserWarning: nn.functional.sigmoid is deprecated. Use torch.sigmoid instead.
  warnings.warn("nn.functional.sigmoid is deprecated. Use torch.sigmoid instead.")
creating new word dictionary
Namespace(adv_clip=5.0, adv_epochs=290, alpha_test=1.0, alpha_train=1.0, base_dir='/home/optimass/scratch/OnExposureBias/word/news/gan_VDGEN0.4_VDDISC0.3_BS1024_GLR0.0005_DLR0.0001_MLE10_DE5_DTI20_GTI1_MTI0_HD256_SQ51_ats1_beta0', batch_size=1024, beta=0.0, bleu_every=15, character_level=False, critic_lr=0.001, cuda=True, data_dir='data/news', debug=False, disc_lr=0.0001, disc_pretrain_epochs=5, disc_train_iterations=20, gamma=0.95, gen_lr=0.0005, gen_train_iterations=1, grad_clip=10.0, hidden_dim_disc=256, hidden_dim_gen=256, lm_epoch=None, lm_path='oracles/news/word', mask_padding=False, max_seq_len=51, mle_epochs=10, mle_train_iterations=0, no_cuda=False, num_layers_disc=1, num_layers_gen=1, rnn='LSTM', sample_size_fast=500, save_every=10, seqgan_reward=0, setup='real', stream_data=False, test_every=2, transfer_weights_after_pretraining=1, use_baseline=1, var_dropout_p_disc=0.3, var_dropout_p_gen=0.4, vocab_size=5697)
Warning: new arg 'character_level' given value 'False'
model successfully loaded
MLE pretraining epoch 0/10
train/nll                                @ write 0 = 3.6440

samples generated after 0 epochs
There I very work Trump demanded for a very basically .
It I can something when not that I can by the head . other the number seven dying .
Scotland Abu putting in children political more a broke
We have is act because .
It scored can not it for them to I 1970s .


MLE pretraining epoch 1/10
train/nll                                @ write 1 = 2.9339

test/oracle_nll                          @ write 1 = 3.4571
test/nll                                 @ write 1 = 2.7645

samples generated after 1 epochs
Now like as a raised team are required to be a thousand the situation cost and storm her Libya by the officer we were made per cent within the first chance to remain a time in hospital .
The group that think .
Police said that ' s news time with us , with the candidate of about the sky experience they feel the result is .
It was really becomes a very kitchen seeking to send CNN .
Despite personal lawmakers takes which I felt like like said you haven can off the business of for him there ' s already have .


MLE pretraining epoch 2/10
train/nll                                @ write 2 = 2.7793

samples generated after 2 epochs
One is a Attorney developer thing , that hit so operate 20 adults they need to add chance doing they had owner on it .
It was an Shanghai of a price , but a 20s met
We know , thousands ' s the same of getting must try to less trying against my times in America .
If there would have struggling to build even at the such , but attended ordered , if the data wanted , read new the outcome accurate .
So , 000 , Mr another is a return over the race employers equally .


MLE pretraining epoch 3/10
train/nll                                @ write 3 = 2.7006

test/oracle_nll                          @ write 3 = 3.1658
test/nll                                 @ write 3 = 2.5900

samples generated after 3 epochs
We are benefit in April to Federal
We keeps ' re true up to a Republican use , and you , which means about many down , I am really interesting for a little outcomes of or the title .
They Real never been working about a last year , but that too advice this factors are increasing we have to wear one care .
Paul Al women , you are really limit to the shop for history ' s interesting into his mind and it thought she was still a crucial happened or learn it .
As only , but also may be been linked gaining in her negotiations to all a single record .


MLE pretraining epoch 4/10
train/nll                                @ write 4 = 2.6482

samples generated after 4 epochs
The system ' s research on and his shoes and arms facilities is a long term event , however the fun city when the central two Treasury did China .
Because , she could equal once tobacco their phone options to a certain right world , but that are sign to happen .
Seattle once now is a strong n low drop for numbers to the beach and production of those safer to west in effect .
It is the case to get themselves inside the 1 . C . 25 games , and there is the people of stopping and it means that caused the world ' s rival would be removed of saying .
A campaign might not known on building a series that killed and running were expecting they visited 20 per cent of the next year .


MLE pretraining epoch 5/10
train/nll                                @ write 5 = 2.6073

test/oracle_nll                          @ write 5 = 2.9657
test/nll                                 @ write 5 = 2.5045

samples generated after 5 epochs
When I think I can ' t really great if that this is that one of my life , rather , I ' ve had working to run .
Until the her dad has found the first government we have to work , he has absolutely grown on going connected to gain Europe .
He would be the case of met and expect and now like being while group of my car pregnant .
He pointed in the survey , the FBI went went to another collection to Netflix with Mr Trump , Duke Johnson .
I Britain figure at the right thing to some risk , but I would be happy , there said he added .


MLE pretraining epoch 6/10
train/nll                                @ write 6 = 2.5746

samples generated after 6 epochs
This is a low which allows to animals , on the prisoners of the last season , three quarters of whom appeals provided by the coast of the President elect Clinton ' s campaign .
hopefully matter of these county is the present between the world , and they continue to track in soon or waiting , even though and whether you us like the same list of a lifetime .
The U . S . C . complaint of terrorist 8 percent will the North open from 45 percent of changes , officials served short over 12 hours , on the European Union Rights .
Two to figures came on its run to bring equal , the question of therefore are developed with the US hanging .
We don ' t never talk to afford to fact is showing up with their word , we ' ll pay with Parliament .


MLE pretraining epoch 7/10
train/nll                                @ write 7 = 2.5471

test/oracle_nll                          @ write 7 = 2.9047
test/nll                                 @ write 7 = 2.4467

samples generated after 7 epochs
They hope study to impose somebody , so there was an important national brutal stuff and I can ' t know how it will go to people .
Around a year ago , I finally think it ' s the role to get against this is so very different than the team , she said .
Mrs . Clinton who ' mother is included to almost so North Korea that we can sleep in and run on any specific car .
But if of the attack that the passenger most points is having to change on the others whether you ' ve had nothing of more care you didn ' t understand anything .
She is a strong ally on itself that overall women ' s match , done to leave the church that has not fires for the headlines of the head .


MLE pretraining epoch 8/10
train/nll                                @ write 8 = 2.5240

samples generated after 8 epochs
And as they expressed understand that ' s our personal difficult against England ; it ' s older a closer to be a few games , he that we ' ve got a lot of my life life .
It ' s emerged bigger placed , right , North Carolina and babies because that talking about the European Union .
I am missing by these roles teams , only sleeping , but we ' re like if it can ' t tell Hillary Clinton .
' When the first time in terms , you know why you think we don ' t live what we ' re hoping on , she says .
' I ' m 0 at the club , but there ' s a bit of global people to take part , he said .


MLE pretraining epoch 9/10
train/nll                                @ write 9 = 2.5036

test/oracle_nll                          @ write 9 = 2.8134
test/nll                                 @ write 9 = 2.4053

samples generated after 9 epochs
Instead that its own operation as 48 lower , the agency took place to deal with far into 15 illegal alongside women .
Trump ' s deputy papers , Missouri and is deeply in only the interests , with a 75 .
I didn ' t be great to drive up that there is a lot of the possibility for any causes .
And despite in the country for our people , we can have a future but as well as we knew what Oliver did with services is self psychological .
The volume prime can have admit of these officers who fleeing jobs , with dangerous measures in the finance countries in 2016 .


saved 1 models
transfered weights from generator to discriminator
ADV training epoch 0
train/P(real)                            @ write 10 = 0.5006
train/P(fake)                            @ write 10 = 0.4956
train/Disc Loss                          @ write 10 = 0.6972
train/Critic Loss                        @ write 10 = 39.0205

samples generated after 0 epochs
A group of President Donald Trump Jr . Bernie Sanders only talks with his own base .
I did not know about it , we want to do take here , and they have to save their identity from the process .
A lot of those are on the average of what ' s the space obviously to go into the right community .
The Australian Telegraph is also worth catch more quickly more than 10 , 000 more affordable than half 26 percent in 2014 .
The problem , and what is on the reason , if we ' re the victim , I guess just ' s going to be established .


ADV training epoch 1
train/P(real)                            @ write 11 = 0.5230
train/P(fake)                            @ write 11 = 0.4750
train/Disc Loss                          @ write 11 = 0.6676
train/Critic Loss                        @ write 11 = 28.2043

test/oracle_nll                          @ write 11 = 2.8239
test/P(real)                             @ write 11 = 0.6445
test/P(fake)                             @ write 11 = 0.6072
test/nll                                 @ write 11 = 2.4053
test/Gen Loss                            @ write 11 = 252.1435
test/Disc Loss                           @ write 11 = 0.7363
test/Critic Loss                         @ write 11 = 20.8948

samples generated after 1 epochs
They try to give against people who got high options and call to pull their country and big partners all guys to pay myself at a negative degree .
If the big thing was about that last week that the NRL is believed ' only as a powerful market between them .
He might be a relative for his relationship and he ' s going to be great to power happen when nice was sitting off about many .
Also without the point ; there are first research if it passed so much if no longer measures have killed 21 percent of the address the events .
The researchers said that the problem , and how it already could get hospital on television , the researchers and its Indonesia showed for a fair of the University net average off Republic lines to reduce the man to spend more in school .


ADV training epoch 2
train/P(real)                            @ write 12 = 0.5513
train/P(fake)                            @ write 12 = 0.4469
train/Disc Loss                          @ write 12 = 0.6350
train/Critic Loss                        @ write 12 = 38.5838

samples generated after 2 epochs
Still , it ' s a good game on the case , when you can the problem I take to back so ' I pay with this .
I ' m disappointed my right would be offering , calling that over a month but we never just enjoy something when I had the border with Mr . .
When you see what ' s the decision that if you speak out you a business this year .
The report asked that day are not yet to help it out and can guarantee for 5 players , read because fellow the product after both industrial address on Dec .
He said or , the people are speaking to Malaysia because let recognise a foreign world of the EU .


ADV training epoch 3
train/P(real)                            @ write 13 = 0.5715
train/P(fake)                            @ write 13 = 0.4266
train/Disc Loss                          @ write 13 = 0.6117
train/Critic Loss                        @ write 13 = 48.9359

test/oracle_nll                          @ write 13 = 2.8168
test/P(real)                             @ write 13 = 0.7071
test/P(fake)                             @ write 13 = 0.6154
test/nll                                 @ write 13 = 2.4053
test/Gen Loss                            @ write 13 = 304.7605
test/Disc Loss                           @ write 13 = 0.7475
test/Critic Loss                         @ write 13 = 36.2079

samples generated after 3 epochs
The group tells that them is a fair case thought and again on , particularly out of my record software , that ' s .
Mr Corbyn appeared to break home from the museum , the extent of this sort of weekly plan on Friday , according to fit in Virginia and Bush .
The drivers ' s most hopeful in the Swiss bar of the Brexit state means demand , for jobs , .
Not only investment in January , and having split life and you are on the game and you ' re not single this issue .
Though some of people is calling to stay in with Washington , were very difficult to continue , but remains more than alcohol , 300 displaced , 000 per year .


ADV training epoch 4
train/P(real)                            @ write 14 = 0.5880
train/P(fake)                            @ write 14 = 0.4103
train/Disc Loss                          @ write 14 = 0.5925
train/Critic Loss                        @ write 14 = 59.9560

samples generated after 4 epochs
If you think efforts , especially very well in the world is an opportunity in intense on , blocking our lives , just is sharing and new damage can do what you have to fire for communities and do , he said .
The case would be crucial hot , one close weeks between five years were an thing , she said .
Why is our chef , and now the same matches that allowed him from Mexican all it ' s going to be down .
He said ' He was we stopped a chance of a very bad number and thought , I ' ve got to create my clothes to tell my children .
With a mistake and on school small meals are on something I don ' t think that we have one year when that isn ' t usually be today , as much as the AP team .


ADV training epoch 5
Traceback (most recent call last):
  File "main.py", line 171, in <module>
    apply_loss(optimizer_gen, gen_loss, clip_norm=args.grad_clip)
  File "/home/optimass/OnExposureBias/utils.py", line 193, in apply_loss
    loss.backward(retain_graph=retain_graph)
  File "/home/optimass/torch/lib/python3.6/site-packages/torch/tensor.py", line 93, in backward
    torch.autograd.backward(self, gradient, retain_graph, create_graph)
  File "/home/optimass/torch/lib/python3.6/site-packages/torch/autograd/__init__.py", line 90, in backward
    allow_unreachable=True)  # allow_unreachable flag
RuntimeError: CUDA error: out of memory
