creating new word dictionary
Namespace(adv_clip=5.0, adv_epochs=260, alpha_test=1.0, alpha_train=1.0, base_dir='/home/optimass/scratch/OnExposureBias/word/news/gan_VDGEN0.4_VDDISC0.4_BS1024_GLR0.001_DLR5e-05_MLE40_DE8_DTI10_GTI1_MTI0_HD512_SQ51_ats1_beta0', batch_size=1024, beta=0.0, bleu_every=15, character_level=False, critic_lr=0.001, cuda=True, data_dir='data/news', debug=False, disc_lr=5e-05, disc_pretrain_epochs=8, disc_train_iterations=10, gamma=0.95, gen_lr=0.001, gen_train_iterations=1, grad_clip=10.0, hidden_dim_disc=512, hidden_dim_gen=512, lm_epoch=None, lm_path='oracles/news/word', mask_padding=False, max_seq_len=51, mle_epochs=40, mle_train_iterations=0, no_cuda=False, num_layers_disc=2, num_layers_gen=2, rnn='LSTM', sample_size_fast=500, save_every=10, seqgan_reward=0, setup='real', stream_data=False, test_every=2, transfer_weights_after_pretraining=1, use_baseline=1, var_dropout_p_disc=0.4, var_dropout_p_gen=0.4, vocab_size=5697)
Warning: new arg 'character_level' given value 'False'
model successfully loaded
MLE pretraining epoch 0/40
train/nll                                @ write 0 = 3.0759

samples generated after 0 epochs
After four photos votes his equipment in science easily at crime recent community have been mistakes from George and 6 . crude compared to conduct .
A September day arriving it has grown the head women from all the past Cup and run and four death falling at the public investigated .
Since 5 news until he had has spoken a factor but finding of the people who are heard to League longer .
And if you ' re talking it , very discover , much and be tough people and I ' ve done .
It may like her camp , but when I think can ' t treat an hour minute , but I started much in other tournament , he said .


MLE pretraining epoch 1/40
train/nll                                @ write 1 = 2.5362

test/oracle_nll                          @ write 1 = 2.9757
test/nll                                 @ write 1 = 2.3914

samples generated after 1 epochs
I do think that ' s something it is mid in the end of to basically and we are only worked here , she said .
Much and three in communities of state , and training born buyers should bring someone free to Germany , Clinton said .
The books after a was encouraging another story as a result to equity in the first year ' s actual for 7 per cent rise .
I want to take the money into the lead of question , George W . Bush told the Seven player on Monday night .
All ISIS are preliminary in the United States of the UK and passengers audiences and above the same basis , the union needs to that successfully .


MLE pretraining epoch 2/40
Traceback (most recent call last):
  File "main.py", line 78, in <module>
    apply_loss(optimizer_gen, loss, clip_norm=args.grad_clip)
  File "/home/optimass/OnExposureBias/utils.py", line 193, in apply_loss
    loss.backward(retain_graph=retain_graph)
  File "/home/optimass/torch/lib/python3.6/site-packages/torch/tensor.py", line 93, in backward
    torch.autograd.backward(self, gradient, retain_graph, create_graph)
  File "/home/optimass/torch/lib/python3.6/site-packages/torch/autograd/__init__.py", line 90, in backward
    allow_unreachable=True)  # allow_unreachable flag
RuntimeError: CUDA error: out of memory
