creating new word dictionary
Namespace(adv_clip=5.0, adv_epochs=260, alpha_test=1.0, alpha_train=1.0, base_dir='/home/optimass/scratch/OnExposureBias/word/news/gan_VDGEN0.6_VDDISC0.4_BS1024_GLR0.0005_DLR0.0005_MLE40_DE40_DTI10_GTI1_MTI0_HD512_SQ51_ats1_beta0', batch_size=1024, beta=0.0, bleu_every=15, character_level=False, critic_lr=0.001, cuda=True, data_dir='data/news', debug=False, disc_lr=0.0005, disc_pretrain_epochs=40, disc_train_iterations=10, gamma=0.95, gen_lr=0.0005, gen_train_iterations=1, grad_clip=10.0, hidden_dim_disc=512, hidden_dim_gen=512, lm_epoch=None, lm_path='oracles/news/word', mask_padding=False, max_seq_len=51, mle_epochs=40, mle_train_iterations=0, no_cuda=False, num_layers_disc=2, num_layers_gen=2, rnn='LSTM', sample_size_fast=500, save_every=10, seqgan_reward=0, setup='real', stream_data=False, test_every=2, transfer_weights_after_pretraining=1, use_baseline=1, var_dropout_p_disc=0.4, var_dropout_p_gen=0.6, vocab_size=5697)
Warning: new arg 'character_level' given value 'False'
model successfully loaded
MLE pretraining epoch 0/40
train/nll                                @ write 0 = 3.4338

samples generated after 0 epochs
Last rape Kong refused performance extreme going to 46 up him by her that should set his routes are made a finally action to buy to Max .
A Colombia of cease a World hearing to benefit held by in the referendum Bernie before being as with staff by others that ' re vote , a little week .
Many position ' s young be business over a set in decades , which ' s going for to him hospital .
And Clinton as the fine likely crisis , isn suggesting ' t others in Saturday with people to be on three .
It one also data interesting because I get to be true to be Feb of the general the government , 000 15 to U look and putting , so so .


MLE pretraining epoch 1/40
train/nll                                @ write 1 = 2.7962

test/oracle_nll                          @ write 1 = 3.1289
test/nll                                 @ write 1 = 2.6252

samples generated after 1 epochs
We can ' t say their field and see virtually in the condition in a larger person but , I don ' t be here , in position .
Love 3 means the road between the hospital are launched safe workers of Grant may see the federal year old failed but the Middle of most special leaders to embrace .
The relationship would be the overall case in self million as the longest of the first time for an consent to step on a wedding .
I want to take the men if it is all you ' re strong to sign his ground and go me , he said .
All 19 ' employee With the mayor ' s health on Wednesday when included story earlier the job has been a date of watching .


MLE pretraining epoch 2/40
Traceback (most recent call last):
  File "main.py", line 78, in <module>
    apply_loss(optimizer_gen, loss, clip_norm=args.grad_clip)
  File "/home/optimass/OnExposureBias/utils.py", line 193, in apply_loss
    loss.backward(retain_graph=retain_graph)
  File "/home/optimass/torch/lib/python3.6/site-packages/torch/tensor.py", line 93, in backward
    torch.autograd.backward(self, gradient, retain_graph, create_graph)
  File "/home/optimass/torch/lib/python3.6/site-packages/torch/autograd/__init__.py", line 90, in backward
    allow_unreachable=True)  # allow_unreachable flag
RuntimeError: CUDA error: out of memory
