/home/optimass/torch/lib/python3.6/site-packages/torch/nn/functional.py:1006: UserWarning: nn.functional.sigmoid is deprecated. Use torch.sigmoid instead.
  warnings.warn("nn.functional.sigmoid is deprecated. Use torch.sigmoid instead.")
creating new word dictionary
Namespace(adv_clip=5.0, adv_epochs=220, alpha_test=1.0, alpha_train=1.0, base_dir='/home/optimass/scratch/OnExposureBias/word/news/gan_VDGEN0.3_VDDISC0.5_BS1024_GLR0.001_DLR0.0001_MLE80_DE1_DTI5_GTI1_MTI0_HD512_SQ51_ats1_beta0', batch_size=1024, beta=0.0, bleu_every=15, character_level=False, critic_lr=0.001, cuda=True, data_dir='data/news', debug=False, disc_lr=0.0001, disc_pretrain_epochs=1, disc_train_iterations=5, gamma=0.95, gen_lr=0.001, gen_train_iterations=1, grad_clip=10.0, hidden_dim_disc=512, hidden_dim_gen=512, lm_epoch=None, lm_path='oracles/news/word', mask_padding=False, max_seq_len=51, mle_epochs=80, mle_train_iterations=0, no_cuda=False, num_layers_disc=1, num_layers_gen=1, rnn='LSTM', sample_size_fast=500, save_every=10, seqgan_reward=0, setup='real', stream_data=False, test_every=2, transfer_weights_after_pretraining=1, use_baseline=1, var_dropout_p_disc=0.5, var_dropout_p_gen=0.3, vocab_size=5697)
Warning: new arg 'character_level' given value 'False'
model successfully loaded
MLE pretraining epoch 0/80
train/nll                                @ write 0 = 3.0012

samples generated after 0 epochs
After voters greater 25 000 cents and will rely peace grow president with the U . S . Obama with an roots repeatedly to North America promote .
A problems was submitted for his effort to build very quickly of the media Office in many times in Syria and stay ' s Olympic case .
While Clinton ' s 7 whose anti Secretary announced an analysis look at the first day , New York Times City .
And long term are also described having , adds funds , Syria was almost by three times , for more percent .
It can also important watch work about his own with none , but also don ' t the millions of anger forward .


MLE pretraining epoch 1/80
train/nll                                @ write 1 = 2.5273

test/oracle_nll                          @ write 1 = 2.9860
test/nll                                 @ write 1 = 2.4008

samples generated after 1 epochs
I hope that I ' m still looking at machines after the end of a society this week , I will come with a 1 . 4 per cent .
Mars there is the beginning of the regime but also drawn prominent policy men at six of 12 years here , make the value of staff from get out over .
The Commission a teenager that killed pay an 28 child efforts to convince its board to last week , 2016 to rise those who fallen to settle in a nomination to jail 0 Sunday afternoon .
I want to take the regular blog then they may go to study what to destroy your 32 or 100 students , Clinton said .
However for the comic of the opposition , Ms . Clinton warned on hundreds of thousands , said That ' s much more likely .


MLE pretraining epoch 2/80
train/nll                                @ write 2 = 2.4181

samples generated after 2 epochs
If the plan was carried away from a major history of data , it would be a big achievement .
I missed it morning in large markets had an idea that have been in Europe and whose funny all full day , he said .
For you just love trouble , the City parent get more effect , in California every week , he said .
You shouldn ' t have happened , but I don ' t know the appearance was a character record by less than one else ' s tennis .
We have been playing with all the country line up and not this sort of we actually implement that .


MLE pretraining epoch 3/80
train/nll                                @ write 3 = 2.3519

test/oracle_nll                          @ write 3 = 2.6792
test/nll                                 @ write 3 = 2.2666

samples generated after 3 epochs
Sometimes I ' m telling him us to say others like this to the choices and what changed , he insisted .
He was happy with Google we wanted to play because we are coming down in the league to light a draft spot on a good match and 5 .
As as a bit of those who want to be offered in the proposal is , it is , and you have to locations for those rules , she said .
The university among Center which he sought to check a distance from school but have no role later , she said .
This led the champion to win the league debate on Tuesday , had made a delegate deliver in his city .


MLE pretraining epoch 4/80
train/nll                                @ write 4 = 2.3061

samples generated after 4 epochs
A few goals hoping the internet are always , for everyone , they would focus up , but also in India general this year , I would feel like that it has spent you to down the same !
A spokeswoman said ' Just feel guilty ' if I would change being that I don ' t think I couldn ' t tell you .
For my engagement , Cameron ' s love approach is battling to do work on UK to speaking out and make sure not only big evidence of Brexit in the Duke .
A group of passengers following children , with Indonesia ' s Belgian executives commission , the target will be expanded .
There ' s no guarantee he was getting into the league on his own side , and he grabbed everyone Evans .


MLE pretraining epoch 5/80
train/nll                                @ write 5 = 2.2724

test/oracle_nll                          @ write 5 = 2.5917
test/nll                                 @ write 5 = 2.2027

samples generated after 5 epochs
I felt longer involved with the TV Federation and not crossed her to be here , I think she wanted to make a decent and every vote of I can ' t possibly win .
She said she parents had enough medical connections but not her allowed to see more symptoms that her boyfriend had taken me and if she could become new money .
Before the meeting between the businesses and leaving the EU , we are currently going to host the plant or only cheap in the workplace .
However , we won ' t ever be here , the company is a new last season as a second and a heritage .
This gives us an alternative to our party professionals and that gay is safe between much and they are investigated of our system .


MLE pretraining epoch 6/80
train/nll                                @ write 6 = 2.2458

samples generated after 6 epochs
Trump whose 18 was more qualified to start form than 16 percent to Mr Trump ' s cut full amount in cash or about 10 pounds of half a campaign dispute with 11 percentage points than an average , a third percentage points compared with Clinton in Ohio and Illinois ,
If someone hadn ' t left my office ? they would not know if you know why it should be targeted .
He is my parents who ' ve said and I always want is going to do on everything , or for me , not suffer for a wedding , said Monday .
The analysis was to extend a new resolution meeting England , a criminal tension report , from as Brisbane and taking returns from anywhere on earlier this year .
I know that I hadn ' t had ever seen going earlier this month to see what happens for part time told me .


MLE pretraining epoch 7/80
train/nll                                @ write 7 = 2.2241

test/oracle_nll                          @ write 7 = 2.4609
test/nll                                 @ write 7 = 2.1636

samples generated after 7 epochs
After that , the question says we ' ve just got on the squad that we can be doing enough players again after terrible surgery .
The city who was at the weekly charge for torture was held by police , which is local and challenging incidents each week for the future due to contact with the cease fire and begin talks on self driving at the age of 40 !
They ' d like to focus on the bench a little bit of that process , they are still working hard to get that either even better in the division with the success of the team .
And , his son ' s claim is a major factor in a tight race in Mexico with hiding under pressure .
However , it did not respond that on the evidence they considered that , somehow they are selling their .


MLE pretraining epoch 8/80
train/nll                                @ write 8 = 2.2057

samples generated after 8 epochs
I would think she thought to open the airport , she told the paper , adding to bed her relief , Florida , just before it ' s supposed to be a vote .
There was a lot different from us to sit and we could be fit to try and say if we had to wait for the next two years on the way we play that game .
These are already on track size because we use that discussion here ? Roberts said .
Republican presidential candidate Donald Trump uses responsibility for talks with reporters without both sides of internet members in chief .
According to NBC Local , L . A . A . A . has been launched on to this year ' s flood services in December , a spokesperson for German the prosecutor ' s version of London on Thursday evening Friday morning .


MLE pretraining epoch 9/80
train/nll                                @ write 9 = 2.1898

test/oracle_nll                          @ write 9 = 2.4161
test/nll                                 @ write 9 = 2.1359

samples generated after 9 epochs
The station had been shared among one girls up to university , he told Fairfax Media at the same time the star died .
On the final hearing in the city , you had jobs around unions already including a adult combination of a place raised for the rest of their lives .
I ' ve got many stories behind before me , in the few days of the game that I have missed .
Trump ' s proposal was investors within 10 of the Senate , as Mr Smith had called for the fraud to vote to accept the Cameron backing of sexual assault during the third of the year .
For the first in the game to lose in my first quarter , it ' s really a good game for sure .


saved 1 models
MLE pretraining epoch 10/80
train/nll                                @ write 10 = 2.1760

samples generated after 10 epochs
You don ' t forget that we have emergency two times we probably don ' t want to work for all along on the day , he said .
I don ' t think I try to speak , but that ' s digital , rather than if you ' re closing the national statements .
Yet this was a mystery but this was what could be useful when I was used to have another placed together , but we didn ' t forget .
So I did not know to them but I touched the entire 10 minutes , but they were told about leaving their own .
It will surely encourage the UK to ensure they are not afraid or otherwise they are lying to the incident , Cuban people quoted his defence .


MLE pretraining epoch 11/80
train/nll                                @ write 11 = 2.1640

test/oracle_nll                          @ write 11 = 2.4038
test/nll                                 @ write 11 = 2.1159

samples generated after 11 epochs
Of course , at our message , if you want to bring the case back by two U . S . jobs , it ' s an important factor of bomb .
They have played two of every fifth of Premier League football and over half a century of the right spirit , a billionaire told BBC Radio Birmingham .
Although a loss of research should be used in the affect , promised armed communities to bring their risk of life to do the right thing .
We could predict something many other documents and is there , the impression of the earth but it ' s still called to be aware .
We offer the support we could use it for the boxes to Six Nations plays on the pitch , the group added .


MLE pretraining epoch 12/80
train/nll                                @ write 12 = 2.1530

samples generated after 12 epochs
Still , the Rubio News exit polls showed 26 percent of 38 voters in Clinton over the top two members , respectively , according to a District of Columbia .
She said want Britain to leave Thursday ' s performance that could start the regular Western United Kingdom from migrants who can choose between Europe in Europe , he said .
For us over 20 years you ' ll create a gap in which everybody goes on as a teacher when I was school .
We love him , wanting to moment for his county , and most important jobs so you can only bring those ideas now out of their depth .
This is the platform they want to work related to the limits of the virus in Afghanistan , which makes an inquiry that no single start of the matter is !


MLE pretraining epoch 13/80
train/nll                                @ write 13 = 2.1431

test/oracle_nll                          @ write 13 = 2.3433
test/nll                                 @ write 13 = 2.1020

samples generated after 13 epochs
I ' m with Brown and the three boys also to be as careful as taking in the case of our new album , he said .
The subjects ' s voice , said he was also putting on his disabled , said he went missing and give a raising 100 interest report .
A few metres inside , them , who had just pulled over the country then the night , went on a phone call .
We also know we ' d never forget about it , even though we were close , that we have to be able to allow people that politics .
Before we ' re not starting as something we can ' t to , like we want support to be a gathering .


MLE pretraining epoch 14/80
train/nll                                @ write 14 = 2.1345

samples generated after 14 epochs
But I ' m just going to joke pretty , go and win to deal with it , we ' re going to work hard and make a pretty big mistake in the match .
In the last few days , I almost briefly let the rest , if it didn ' t work , I might be able to say anything .
People don ' t like seeing their kids especially at home against Glasgow , Germany , France , Greece , Japan and Turkey .
Image caption The New York Times reports that Cruz ' s victory would encourage employers to measure their voices on immigration and those who did not resolve the problems against Muslims .
As of Friday afternoon , where people wearing the honest plans were busy on cover outside at home after themselves .


MLE pretraining epoch 15/80
train/nll                                @ write 15 = 2.1262

test/oracle_nll                          @ write 15 = 2.3396
test/nll                                 @ write 15 = 2.0900

samples generated after 15 epochs
That news is so crazy about a good idea that you will lose , that , you are waiting for a business , it won ' t make the best available sell for your reputation you ' re telling them , she said .
My main reason for my time is he is getting a lot of come out and what we need to do now and keep playing at home because he ' s not going to be one of the best player in the world I can .
The feeling of the incident as the ACT has been achieved to the shops and it are working with a number of different factors , including citizens staying in the EU .
After all , the polls suggest the schedule is how Americans may slip up to top of its promises to build on their own lives by a spot that would mean a different outcome in their emerging cars , despite challenges every day , at least to put them into position
We are confident , the principal of our entire group and in other areas , they said in many cases we had committed what happening is another problem .


MLE pretraining epoch 16/80
train/nll                                @ write 16 = 2.1188

samples generated after 16 epochs
My dad was going to get a vote by now at the end of the day , she said .
The next thing to say is that Scotland and Wales closed simply while teaching our jobs , we could respond to the outcomes of money or what .
He told Sky News its full story was known to see the line of falling industrial action against Australia to help the economy and global financial crisis .
It ' s like that if you think Russia will stay at the surface , of course , how could we remain good behind a much better victory , he said .
It ' s unlikely that watching it , , of course , not something good news for that every club turns .


MLE pretraining epoch 17/80
train/nll                                @ write 17 = 2.1124

test/oracle_nll                          @ write 17 = 2.3660
test/nll                                 @ write 17 = 2.0803

samples generated after 17 epochs
He ' s lost his game but all can he ' s at it but it will be a lovely shock .
The former Real Madrid is something most of the club might have been the spot soon and miss Murray in Bristol .
As bizarre and as human go , it was 12 provided given the best one which wasn ' t in problems , he said .
They just hope to make sure that the share of people who write finals this year that either go looks for or five or 10 years , she said .
It ' s important to beat most and innovative directors and having to confirm and put it over again .


MLE pretraining epoch 18/80
train/nll                                @ write 18 = 2.1059

samples generated after 18 epochs
I ' d like it for three or six weeks , but I knew each would be a nice brown piece of go !
He told an audience of Brisbane ' s Today programme Wednesday ' s town on Thursday , my vote to leave the EU pretty will be it with a promising strike increase for EU citizens , she said .
There was no issue close to his appeal as someone who offered a film crew for compensation related to it .
The latest step showing Donald Trump which claimed victory in Cleveland in 2014 , Yahoo ' s college earned four sets , will generate starting some Republican National Convention in real debate .
The same version he says more than 5 , 000 prisoners have been registered with colleagues , according to the police for a national conversation about its measures by the police officers .


MLE pretraining epoch 19/80
train/nll                                @ write 19 = 2.1000

test/oracle_nll                          @ write 19 = 2.3493
test/nll                                 @ write 19 = 2.0726

samples generated after 19 epochs
According to analysts estimate such as New Jersey 14 . 9 percent , 1 million people are and millions of dollars trained .
The Prime Minister ' s budget to support the deal by MPs , on Friday won only two years ago , announced plans with a number of seats in the House of Commons .
Another woman , father of a successful victim , has died working closely with black authorities , and police officers were initially fighting to strike a five month old man .
While there are estimates cuts , though all of the problems being affected , it is that your work is so fast .
The annual focus on NHS staff is considering private use to provide a personal level for information that could teach more information and why they have to her at work near private schools .


saved 1 models
MLE pretraining epoch 20/80
train/nll                                @ write 20 = 2.0947

samples generated after 20 epochs
We have held a visit to London from Africa in some parts of a network to be told , she says .
But some migrants who have been living in Italy are also less likely to have no centre than a car for a south trust where almost all , increasing up for asylum serving time between May 23 , by all in started to have it .
Mr Osborne said there had been a number of occasions about Westminster ' s effort by Islamic State on the current two year terms and was doing so he will need to thank everyone .
He ' s been a star to make a deal like that team , but they have to pick up much of that stage .
Turkey ' s biggest listed foreign currency has now risen to 58 , 000 , with all parts of the country ' s territory .


MLE pretraining epoch 21/80
train/nll                                @ write 21 = 2.0895

test/oracle_nll                          @ write 21 = 2.3467
test/nll                                 @ write 21 = 2.0661

samples generated after 21 epochs
Let ' s see this increasingly clearly co host of people around death , protests , though it leads more than many , 000 people to comfort , improve that and extremely diverse .
It ' s a top department to say every 3 , 000 officers and members of our family as part of one day .
So it was good to be successful , with a good shot for Liverpool or a year a little decision , but that ' s all members of them , he said .
I was a really good feeling and I was very different , it was making the announcement of everyone who was ordered to go through the last few weeks .
A source close to the inquest told reporters that Martin had a crowd contact with everybody which was discovered to use at an offshore hospital .


MLE pretraining epoch 22/80
train/nll                                @ write 22 = 2.0849

samples generated after 22 epochs
I was just outside Melbourne ' s side , and if you would get back to this match , you ' re going to fall out of this .
It ' s great to dream ' to have the best chance , but if it actually doesn ' t affect the area , you become going to need to be able to get it healthy .
From now , the 26 year old did not have been handed to back his release since spending on February 6 .
Since then , the 49 year ' s 3 May included law enforcement agency found a report of a former officer .
Social media was challenging for the currency fell to zero affected by Black Friday , the most popular video they obtained in .


MLE pretraining epoch 23/80
train/nll                                @ write 23 = 2.0803

test/oracle_nll                          @ write 23 = 2.3090
test/nll                                 @ write 23 = 2.0618

samples generated after 23 epochs
I ' m not interested in the stands , he said , referring to Donald Trump ' s .
The Academy position has 4 . 4 of Americans earn as much as 1 . 7 million in the United States , and a 17 percent increase in spending ?
The new guidelines code once term solution , has helped pay a very little price at it less than three hours .
The teams has focused on everything they can , and without a lot of guys we are two games with this team and they continue to play and for them .
The most French side project in the final round of 2016 will surely be built in their year before the former Liverpool state elections .


MLE pretraining epoch 24/80
train/nll                                @ write 24 = 2.0759

samples generated after 24 epochs
It ' s been center with one of us , we don ' t know where we ' re going to do , she said .
So we just re trying to make it hard and we ' ve got to reach the 90 per cent every year and we are great .
As we see the impact that we ' ve received after these elections , what movies would do at the end of the day .
But for days we ' re going to ask the agent again to give them the hope , we missed the message and then as well .
It ' s at the end of those days and it ' s hard to imagine how long it would be , Murray said .


MLE pretraining epoch 25/80
train/nll                                @ write 25 = 2.0722

test/oracle_nll                          @ write 25 = 2.3405
test/nll                                 @ write 25 = 2.0566

samples generated after 25 epochs
More than 100 percent of these young women voters reported the same , compared with 34 . 56 in the same poll in June 2015 when Barack Obama picked a combined to pay and 34 percent of Democrats in the U . S . election .
Their research showed that the effects of alcohol began a year ago are not having a long way ahead of their killer .
He certainly thinks that the US is more , of America , to provide fair support and higher interest rate of each area a lot of other countries .
Out of the women in the hospital , then have to look at him as a tragedy German he has been walking through an entire land .
Any match is a very different project , not just to the end of the season , which is why we are now home walking over the line .


MLE pretraining epoch 26/80
train/nll                                @ write 26 = 2.0686

samples generated after 26 epochs
He noted that and rarely seem to have drawn off for that , ' he said of Trump himself , announcing a preliminary exit .
If we felt through the same amount I thought , May said I could take new steps to ensure the government is the right Democratic nominee for them in every sporting case of the people .
I can ' t imagine that I ever posed the problems it , even if they have a certain amount of credit to the political excess .
THE police source told the report that so far he acted in and it could not confirm that the younger girl and his child were sexually assaulted in the past .
Britain ' s representatives travel Syria stood by the military , as well as the one from opposition to the campaign for bombing would happen .


MLE pretraining epoch 27/80
train/nll                                @ write 27 = 2.0647

test/oracle_nll                          @ write 27 = 2.2823
test/nll                                 @ write 27 = 2.0529

samples generated after 27 epochs
The SNP has pledged to increase its world leader in the lead up to Mr Corbyn ' s successor and won on the back of the situation .
There are strikes saying it probably won ' t be all right , said not because the rest of the EU died .
State leaders also also targeted Syrian refugees in Western Europe and Africa , over 100 , 000 people also displaced as much as half of the country ' s part .
It ' s got done in how we make them want to see each other , just to pay off we met all our business groups .
Like many others , we are working to deal with winning the times and now we will lose out by one more local authority .


MLE pretraining epoch 28/80
train/nll                                @ write 28 = 2.0617

samples generated after 28 epochs
He went to fame for faith and if he ' s doing the same thing the thing is just I would like to look there for him , perhaps something that night happened .
You might not like to see no signs of old hunting in a state or ever become an act , he said .
Oregon We ' re returning to better things that weren ' t been now so sad as our students point out the world is too much .
The modest drop in deals in Scotland is a test back to 51 per cent of its local people ' s economy .
But for 34 per cent annually , but there are one at our Treasury officials to focus on the brain , of course .


MLE pretraining epoch 29/80
train/nll                                @ write 29 = 2.0583

test/oracle_nll                          @ write 29 = 2.2711
test/nll                                 @ write 29 = 2.0482

samples generated after 29 epochs
Sometimes it ' s very much so trying to get a bit of program and get close results will still be good for all of us .
I was hoping Theresa May , you could imagine more changing consumers wants us to export the budget of children , she said .
If you do lose , but at the end of , you know , your quarterback would throw shut out and fighting for trust .
The Broncos opener at first inning , without their concerns about the opponent and did it for him as part of the squad at home and in some way .
I spent in R alone sitting at the same time during the course of my training career and must continue to work towards a fair six , 000 years .


saved 1 models
MLE pretraining epoch 30/80
train/nll                                @ write 30 = 2.0551

samples generated after 30 epochs
Several years later , those train could arrive to slow the doors open to their pocket at their residence , according to authorities .
We have lots of calls for the party in several ways that we want to lose the points of these land and to give that influence we need to be .
So , the world No . 1 . 25 percent of Group to receive 0 . 25 percent after the vote to stay in the country , especially if they backed up the terms of its production index .
In 43 minutes , the Glasgow man gave me a bright orange bag on board another , nice paper .
Because the clubs never entered them once they put an organisation that had earned an experience in the last five games and play for five , four men in the top four they can fly in the finish , but their season are its great games for the club and the


MLE pretraining epoch 31/80
train/nll                                @ write 31 = 2.0526

test/oracle_nll                          @ write 31 = 2.2496
test/nll                                 @ write 31 = 2.0462

samples generated after 31 epochs
Only 3 . the owners would have had to claim benefits of their water system , up 1 . 5 billion from council tax since July for the then tourism industry .
So far , the government ' s office laws have part of regulatory legislation that could save hundreds of millions of pounds in infrastructure and foreign investments .
If you ' re confident about how to make sure the advantage becomes allows for the Islamic State , we should now see food supplies for workers , she said .
And my face it ' s been reported that I ' m grateful for the odd news cycle on the record .
So , even if the chosen project should finally be dealt with with concerns , he said constantly not merely deny our must federal travel will help prepare for a long time from many of those who support the coup attempt .


MLE pretraining epoch 32/80
train/nll                                @ write 32 = 2.0495

samples generated after 32 epochs
In order to close the gap between level and moderate comic , young people aren ' t considered vital to him as they feel the Daily Mail included in the politician .
The band is only over a year for a video which has been used for the investigation into the attacks , which had already carried out attacks on 23 April .
It would be a dark spot for two minutes but people don ' t usually find me , too , he said .
But , mainly by being defeated in Rio , IS has not been one of the lowest mountain in the world by yet .
It comes amid her more on 30 years in prison with the start of her career until the judge began .


MLE pretraining epoch 33/80
train/nll                                @ write 33 = 2.0470

test/oracle_nll                          @ write 33 = 2.3412
test/nll                                 @ write 33 = 2.0439

samples generated after 33 epochs
Now people that will feel as though they ' re at the top of the food which is vital , people said .
In an attempt against the North Korean government , Russia and Iran in Cuba already at the town hall in deep public spaces .
The way we treat all of us we believe is it comes to it leaders rather than here but we currently know how it works and it ' s not something that comes to the future and the government agenda .
A spokesman for a ban on Wales as well as the product was in Korea and the conference failed to follow or form the service .
Last year , the couple said they were not really invited back to court , but did not return to the law .


MLE pretraining epoch 34/80
train/nll                                @ write 34 = 2.0441

samples generated after 34 epochs
In a statement , Mr Hunt said My applications should be defined over why I spend a lot of time of time and delay is struck without extra measures to provide legal protection .
The club for reform is delayed for the principle of allow consumers to put in young people up their own homes in Western Sydney .
Ms . Murray said dead , combined and to live her life , had little time to work with him .
I always didn ' t and then this was the first time I heard that in the last eight months it was a tough time .
Both only Cruz , which featured a 6 1 lead on Sunday , was listed as a winner , arguing he would play the United States .


MLE pretraining epoch 35/80
train/nll                                @ write 35 = 2.0420

test/oracle_nll                          @ write 35 = 2.2983
test/nll                                 @ write 35 = 2.0404

samples generated after 35 epochs
This could have easily been changed in Southern California in recent years , so it doesn ' t mean that he doesn ' t have to cross the border .
The 23 year old had died and eight years ago when he was beaten by two times in September 2013 and 19 , 000 but was attempting to pay the tobacco number of construction sites .
It ' s two different situations of our national services and that ' s not a point they ' ve seen for years as a book .
But I just forget that I ' m playing , but I really are now taking advantage of the opportunities .
We must expand our movement interest in more and lived a year for the wider community , and making sure we have become a transition from power people will probably never be able to do it .


MLE pretraining epoch 36/80
train/nll                                @ write 36 = 2.0396

samples generated after 36 epochs
The trouble is how high this bike is to do with , if you have an attack when you can ' t play your game last season .
I ' m not from home , but the guy who is a businessman can they know something we need to support him .
The second experiment was given to the government exactly the basis of the EU referendum campaign helped of the Brexit vote .
Arizona ' s state for which state believes a bill led to four rounds of key to Mr . Trump ' s presidential election as a whole .
As a manager came comment on the plans , each reported out on its front page from his bottom .


MLE pretraining epoch 37/80
train/nll                                @ write 37 = 2.0372

test/oracle_nll                          @ write 37 = 2.2860
test/nll                                 @ write 37 = 2.0381

samples generated after 37 epochs
The 12 year old was shot at a nearby Sydney hospital on Saturday incident in San Francisco .
The prosecutor ' s office confirmed on Thursday afternoon hearing officials in a lawsuit that killed 32 people injured in a family after Russian authorities shot down a gun then decided to leave .
But she knew that the enough could support she would probably three of those days before the end of the year .
I was too close at all of her group , and I was at somebody in the middle of its stage , because I have been told .
The West is the latest and to be a main American television star politically part of an effort to kick victory with his new rules , and he will not go into victory for the next six years .


MLE pretraining epoch 38/80
train/nll                                @ write 38 = 2.0349

samples generated after 38 epochs
We have a lot of good players and I think we ' ll put a 10 game off a month for the team .
When someone told him to report that he must be seen to appeal against the player ' s injury at the summit , said Mrs Jones believed to have been the task as a fifth and target because they got ready for an 11 year .
The Obama administration and Health Secretary have warned that the independence referendum was a national title on Thursday and within the next four months .
You know , that was something that ' s important to me it ' s fine right now you ' re playing a lot of good things .
Friday night ' s rally is discussed when and 2016 details that he could have the extreme thoughts on the political process .


MLE pretraining epoch 39/80
train/nll                                @ write 39 = 2.0332

test/oracle_nll                          @ write 39 = 2.3088
test/nll                                 @ write 39 = 2.0354

samples generated after 39 epochs
The CBS News survey shows two of 31 real people who are believed to have expressed suspicion of identity theft and the discrimination .
Hillary Clinton , the Republican Party and Europe , Duchess of Indiana , Mr New York , have served as many decades for legal reasons for her later life .
This isn ' t true , and I don ' t really want to put all children off subjects , she said .
At least 18 civilians have been killed since they entered victory over the early next month , immediate growing concern .
As far as this project is needed to potentially take away money by wanting the Islamic State , it ' s about how to stay safe .


saved 1 models
MLE pretraining epoch 40/80
train/nll                                @ write 40 = 2.0311

samples generated after 40 epochs
Two thirds of those who died at the hospital in the north of hours were hard but others had become as continued as their blood .
So the fact we look at the profits of 10 million with hundreds of jobs and banks is now fewer must have any concern .
We want everybody to get into this debate and we ' re going to be focused on it so , Clinton said , referring to Clinton ' s campaign website with invited president earlier on Thursday .
But world officials said the decisions gave up a big improvement say the government later never expected , adding lower steps toward jobs .
It is a different direction today , but more on football golf ' s road and shelter into San Diego .


MLE pretraining epoch 41/80
train/nll                                @ write 41 = 2.0290

test/oracle_nll                          @ write 41 = 2.2611
test/nll                                 @ write 41 = 2.0342

samples generated after 41 epochs
The White House also argued that an attack on a Syrian President Bashar al Assad or far more should be done rather than 1 , 000 Syrian civil war in Syria .
Britain will be properly faced with trade unions , and tourism development , China , Britain , Canada and Germany and Sweden , telling the UK it ' s interesting the clubs are moving to improve the important market throughout Europe .
To be aware of the pressure this season , Young admits a win involving air training , and this is another opportunity to get put on the rounds .
He knew that his parents had suffered in life and he ' d have spoken to me down and because her might extend the pregnancy .
But it is all about them , together , as Mr Roberts was known with his wife , he will give up the night .


MLE pretraining epoch 42/80
train/nll                                @ write 42 = 2.0269

samples generated after 42 epochs
That is another source of football , in the end , everyday and fresh conditions in most areas that learn in their season .
The other week after McDonald ' s said it appears working to the Home Office , investigators said .
Bryant is to sleep in New York City , then he ' s got more severe problems than their second team .
We need a new striker and my family ' s a lot of nice , but I think they will set up a great atmosphere .
And it ' s historical this conversation about former leaders of police and former ministers of NATO and military leaders on the northern line .


MLE pretraining epoch 43/80
train/nll                                @ write 43 = 2.0251

test/oracle_nll                          @ write 43 = 2.2710
test/nll                                 @ write 43 = 2.0329

samples generated after 43 epochs
I am just looking forward to looking at how different staff are to make it to the side of this ten team .
It ' s one of the reasons we don ' t know whether our environment are safe and you have to come up too good .
Before there is so much higher power a problem , put down the way it ' s going on to what appears to be police .
The review to announce the new media coverage shows that that element was done by a young audience that featured titles with the post .
It is the only thing that strikes on the hundreds of thousands of citizens holding the land is not to take time .


MLE pretraining epoch 44/80
train/nll                                @ write 44 = 2.0232

samples generated after 44 epochs
When you have been badly killed and eight months ago as I knew I was coming to Ireland so each trying not to help one day afterwards .
She understood that with Jay ' s wealth of lead , despite how he ' re asked to play if he knows Manchester United will be breaking point .
Labour took a third decline in the last 12 months just 10 years ago , and I think we can do when we are starting a long term commitment .
These banks have have one , whether there is been a success , but the banking authority that the practice wants to avoid independence .
Air pollution levels is scheduled to fall by 2 . 7 per cent to 25 . 5 billion , according to a new study .


MLE pretraining epoch 45/80
train/nll                                @ write 45 = 2.0216

test/oracle_nll                          @ write 45 = 2.2800
test/nll                                 @ write 45 = 2.0329

samples generated after 45 epochs
A few , a week for the campaigns of Trump Mr . Cruz said in that statement , that he did not the file for any reason .
It looks like a planned job moved Sunday this summer and there was always no start fighting for the series playing proper training with a few in the last few weeks .
Lewis was constantly told he would be able to travel to the side to bring out the visit via police with seven miles or more .
Yet a poll coverage from 30 percent in January said wouldn ' t be my way to see the U . S . presidential election was just starting .
Melbourne and Melbourne want to work on each other and scoring a goal to some stage which was just a massive challenge for the team .


MLE pretraining epoch 46/80
train/nll                                @ write 46 = 2.0196

samples generated after 46 epochs
But we think we ' re seeing a lot of people because we ' ve just seen some of the last few weeks .
The court heard what happened she had been a woman for several years but I found out in several words and claimed cases said the same case was falling , the couple are quite part of a man .
They argue that the UK tax could be so much provided vulnerable people who put in their jobs and business accounts and would do well .
When you ' re playing at Trump rallies that hour and a really good thing without moving the downtown home of Texas , there is no reason to be surprised .
This week , after battling her eight years in the Senate , her husband passed away them because she didn ' t do much anything .


MLE pretraining epoch 47/80
train/nll                                @ write 47 = 2.0182

test/oracle_nll                          @ write 47 = 2.2641
test/nll                                 @ write 47 = 2.0311

samples generated after 47 epochs
' There was no question where I was a police officer I was going to be in a bad place , she said .
And there was a strange sense that the UK economy large economy has a better life going to sell change .
It ' s not possible he can be proud of everyone who do anything personally on his own , she added .
It was estimated to have begun ten out of the Google post and five countries for the Cabinet Office .
And I don ' t think we have to take a true approach to the part of their efforts to protect consumers from selling your property because we do all .


MLE pretraining epoch 48/80
train/nll                                @ write 48 = 2.0165

samples generated after 48 epochs
It was the first major major event in the matter for your entire sell with the employee asking for the asking price .
After it happened at the final , I saw my daughter a man who didn ' t want to be believed about anything .
She said that all of the donors still were targeted to go home because she seemed suspicious to be in her bed .
Their payments to 17 year olds are gone on sale in two next month , including Richard Murray said .
If I was 60 and I would lead it and then would even better , whether I did , I ' ll probably be fiction , he said .


MLE pretraining epoch 49/80
train/nll                                @ write 49 = 2.0149

test/oracle_nll                          @ write 49 = 2.2580
test/nll                                 @ write 49 = 2.0303

samples generated after 49 epochs
People choose to live with some of the critical worst they can touch it is because we ' re more aware we ' ve had two on the planet , he said .
Unfortunately we wouldn ' t want it to take place in the weeks ahead , but we should be able to show the love of our clients , she told Live in the final night .
We had them now he ' s really doing good or hurt by the way he played for him , he added .
I ' ve been so deep and feel that the entire season is immediate putting those younger players on the bench .
They believed that the territory was failing to carry on the free range of refugees to play after suffering and left Mosul after the death of a US marine Israel .


saved 1 models
MLE pretraining epoch 50/80
train/nll                                @ write 50 = 2.0136

samples generated after 50 epochs
In the interview , he suggested that having been called online , later confirmed a book , including attending urgent training .
One of the victims brought up an inquiry but it was no further after the inquiry was carried out in a consultation .
He said Who was both parties that his party must have been born with the police and some who had none of it .
Just weeks ago that Russia had seized extensive criticism and national security as Russia launched its bombing campaign in the election .
Yet anyone with a fatal shooting was highly likely , but finally shot Mr 14 and a crowd of 13 on December 16 , 2011 .


MLE pretraining epoch 51/80
train/nll                                @ write 51 = 2.0120

test/oracle_nll                          @ write 51 = 2.2649
test/nll                                 @ write 51 = 2.0291

samples generated after 51 epochs
If anyone can call it all the time the police will be available , if you ' re looking for someone else over it in 50 years soon it will be a significant impact on our customers .
What it was like a game runs , that were good enough for John Williams to give up being the first time he was a kid .
New Hill will pay for four of the three ticket service requirements put next year to house management staff in the year .
Most Brisbane City Council will secure a deal with France and Wales where a suspect in the capital will return to the area , he said , adding that he was a religious and retired Muslim actor .
While the new information is being made on the Russian court that suspended it is dealt more papers seen in a democratic campaign against the Home Office .


MLE pretraining epoch 52/80
train/nll                                @ write 52 = 2.0106

samples generated after 52 epochs
However , it needs to rule out who want to raise a mystery about our deep former partner targets , she said .
All teams over each other , and over the next year , it ' s one of those games , which left him won too and for a last couple of weeks .
But it ' s kind of associated with this country because they are not the subject of proper crimes .
It ' s not about football , but now , I just don ' t believe the school could be taken to me up to Bristol in Calais anywhere you are again , at the European schools .
I went to check out despite my appeal to even see how I had been in advanced head as I ' d been playing his job .


MLE pretraining epoch 53/80
train/nll                                @ write 53 = 2.0090

test/oracle_nll                          @ write 53 = 2.2883
test/nll                                 @ write 53 = 2.0274

samples generated after 53 epochs
When I played on the last day I was playing in a place so I had been at the chance of returning to Christmas .
Then I ' m standing up the more you out of 10 over a range of it , Paul said .
In fourth quarter numbers of other people were alone under 7 , which covered the space of 23 a decade ago and today went 50 million from every year .
Johnson also said a story will be watched by the Duke and Duchess of Cambridge will set a close just five star reviews .
The U . S . led coalition gave its point a ceasefire as soon as they prepared to fight him in the Gulf ahead of November ' s two attacks on Monday and the launch of the attack earlier this week .


MLE pretraining epoch 54/80
train/nll                                @ write 54 = 2.0077

samples generated after 54 epochs
That ' s the best time I ' ve taken , yet . . . I ' m going to keep trying things everywhere , she said .
Lord Trump needs to guarantee the problems facing President Barack Obama ' s signature on many of the American people , he wrote .
CNN says she ' s the aggressive section of a business and working in other fields with taxes through the US and China .
We ' re the only country we ' re trying to do with it for a few years and we ' ve been a good game for every minute .
George and Turkey have been part of a group to visit Egypt in those cities during a new state with the leaders of the city .


MLE pretraining epoch 55/80
train/nll                                @ write 55 = 2.0061

test/oracle_nll                          @ write 55 = 2.2664
test/nll                                 @ write 55 = 2.0257

samples generated after 55 epochs
That ' s especially the FBI ' s response ' s budget , which helps the warrant of new political material for young people that might damage their ideas .
The suit , this week , requested the leaders of the South Korean government to go 20 in other countries over its meeting with leaders .
The White House had a Government meeting in Washington that allowed universities to raise money in front of just over 100 million residential workers .
When they talk about what you do and have the club ' s start of the season without having something with you , they ' ll deserve to play .
We reached the 100 ground and every game where his team took the ball away and the main event managed to get ahead of the successful opponents .


MLE pretraining epoch 56/80
train/nll                                @ write 56 = 2.0053

samples generated after 56 epochs
I had to get photos on the education of Bowie , he took his pre meal at something different from the dating sites .
People were friends and in several hours sent them to realise they may still feel safe , or just did they start professional sex , she writes .
Since our first European game , the league was ' high absolutely in the top four , with a change one . 4 on the Top 24 .
The UN estimates that GDP of 2 . 2 per cent a year is the highest rate in the world on savings and the cost of the lives of food .
The letter , obtained from 2002 , found that 42 per cent do not know too much about the city ' s future .


MLE pretraining epoch 57/80
train/nll                                @ write 57 = 2.0039

test/oracle_nll                          @ write 57 = 2.2769
test/nll                                 @ write 57 = 2.0249

samples generated after 57 epochs
The world operates , covering the 1 , 000 migrants standing in Greece from Turkey , Greece Germany and Germany .
I felt like you knew that we were young but I thought I could remember it since I took over the USA from an individual perspective .
And actually , in an inner circle , the different is lower than that you know when you are in Mexico , he said .
So far this year , while the France package counter terrorism act in Victoria is largely to London , the vast majority of red history has been under new control .
The way I took office was at all early , if I voted voters in the Tory party and make no mistake , and that I could be proud to protect my country .


MLE pretraining epoch 58/80
train/nll                                @ write 58 = 2.0024

samples generated after 58 epochs
Police have also detained an on suspicion of preparing for preventing illness from injuries and subsequently the share of their drinking glass .
The problem goes to air pollution in the capital , and the fact it lost is the staff members of what they hope to do .
It has since the French capital has delayed spending nearly 2 , 000 jobs for the prior month ended , in 2015 .
It is scheduled for July as the government plans to make its decision next month to deliver results on its current headquarters before the end of its spring court .
It is understood the party will not be able to retain its own demand before the party ' s majority authority policy .


MLE pretraining epoch 59/80
train/nll                                @ write 59 = 2.0014

test/oracle_nll                          @ write 59 = 2.2380
test/nll                                 @ write 59 = 2.0243

samples generated after 59 epochs
In addition , countries like the UK and European governments , for example , have caught the old country in particular .
He has also given the green light to the moon he ' s become an American , When her plans for Australia are still telling them he will be carried away .
But the number of Afghan migrants and failing children are still living abroad , the annual average of which is three percentage points compared to EU membership of the European Union .
It is not known if she was willing to talk about a job , she said , adding that her husband had a bad job .
More than half a million people would now vote for the new election when it comes to allowing the creation of a nationwide liberal bill .


saved 1 models
MLE pretraining epoch 60/80
train/nll                                @ write 60 = 2.0002

samples generated after 60 epochs
I are worried that at times we ' ve broken any ice on the road in the first place by a , full .
With the connected information of the highly respected public , the Army has not yet made any comments on the text .
Channel explained policies show people ' s eyes and pain are being always nice to hear from large crowds .
Meanwhile then , according to the ABC , the Democratic National Committee has previously blocked a one from western Pennsylvania , and his heart is no longer familiar to him .
Trump was well behind the Iraqi government led state transition to ending the civil war of Syria , but we also called for another illegal and black society to take a drug away from the first place was happening .


MLE pretraining epoch 61/80
train/nll                                @ write 61 = 1.9990

test/oracle_nll                          @ write 61 = 2.2499
test/nll                                 @ write 61 = 2.0238

samples generated after 61 epochs
When asked if they were very good , they weren ' t going to come over every period of time , they pointed out that over again because they scored 10 points for the past 15 minutes .
I made coming up all the time where I ' ve got the easy leg in their line when I ' m playing on golf .
Some are just speaking because I happen to have it if my mother had felt it wasn ' t able to eat it .
By that the last couple of days , it was banned all two from the school and say we were OK .
But its organization expects to raise the cash rate and the costs of it on the services begin , while some manufacturers have been closed .


MLE pretraining epoch 62/80
train/nll                                @ write 62 = 1.9980

samples generated after 62 epochs
Hunt also indicated that she is putting pressure at the party conference as possible to begin the process could outcome the talks would be under junior doctors for freedom .
It was a claim in which if I do not strengthen our party for something to do with Israel , either one or many other members of the public will tell me .
Asked how big the victory was at stake , he said he was determined to open a deal with a government House .
In the Baltimore Sun , the station urged the shoppers to provide the message to the parents having got their best friend .
After at least expected the half , the pound fell 2 . 8 per cent , down 17 . 5 percent will gain a 6 . 5 per cent , a rise extended by force .


MLE pretraining epoch 63/80
train/nll                                @ write 63 = 1.9964

test/oracle_nll                          @ write 63 = 2.2516
test/nll                                 @ write 63 = 2.0228

samples generated after 63 epochs
The committee said as a public discussion party would continue to do so with their commitment from the cover of respect for the former secretary of state .
I was alone thinking that if I wasn ' t upset when I was talking about these matters but , I did personally just got to get back out there and , normal and then as is officially a general election win , and it was the second thing , he
' If I were race , I don ' t know how I ' d get ahead of my job , but I spent more or more of my day working in my daughter ' s life , she said .
It seemed like she was becoming a beautiful girl in the kitchen and we haven ' t had it in her house .
One 6 is a pretty spectacular part of the UK , but people would they are making a common sense , which is when they believe there is research but is a danger it could be useful for women ' s lives .


MLE pretraining epoch 64/80
train/nll                                @ write 64 = 1.9954

samples generated after 64 epochs
An estimated 300 , 000 people in the country have been involved in the construction primarily since Friday ' s rebel held eastern district .
Police have confirmed that minor injuries were not sustained in the attack , though the army found no one was hurt and that the investigation was always taken .
If I ' m not allowed by health , however I don ' t think I should save and have something like the success I ' m looking for .
The government will not be telling us how much it is , not doing so , but to reach there is billions .
And the environmental question is whether he is not returning to the victory and wants to impose that bill on Greece .


MLE pretraining epoch 65/80
train/nll                                @ write 65 = 1.9942

test/oracle_nll                          @ write 65 = 2.2569
test/nll                                 @ write 65 = 2.0217

samples generated after 65 epochs
We ' re expecting fun and we can ' t be nation to qualify for the Olympics , he said .
In fact , the company issued a statement on Facebook that allowed decisions followed last week , posted one of about what they were in stages .
It has cited doping changes at the 22 year old peace factory in oil and gas while driving outside of Yemen .
Josh joined the film studio so we got to play a good watch , he said while the first one is ready to meet at all .
I looked at my family and I agreed on getting back in October , and we didn ' t know what was going on with the water , he said .


MLE pretraining epoch 66/80
train/nll                                @ write 66 = 1.9934

samples generated after 66 epochs
Labour has been told the new law will be expected to take place in 2017 18 months after claims and sentence for the public to be allowed course to update .
Michelle Obama waves with more than 8 , 000 employees and many today ' Her steel over 30 hours a day that she bought her home on one road one month before , but she ' s been worried about the alleged facts as she was .
These will be on the end of March when a group of counter reports are made of the documentary until I wrote at the beginning .
The Test is expected in Paris on 29 30 August , that in Britain ' s upcoming 27 marks final stand on the Belgian capital last year .
This notion less medicine than the cost of the work at the moment and if a parking lot of cover is reached local anywhere .


MLE pretraining epoch 67/80
train/nll                                @ write 67 = 1.9923

test/oracle_nll                          @ write 67 = 2.2580
test/nll                                 @ write 67 = 2.0212

samples generated after 67 epochs
' I ' m alone having a population of 300 , 000 desperate to be recognised , but he agreed to pay the right attention to my father , I want to provide the service to your job but if he needs to , then it ' s not going to
He sent four pages of this message to ask the same question How we get this type done .
From the peak of a 2005 UK and we met with workers in the most toxic state , the British pound continued to be a weak economy for us total growth was told .
And if people want to get out of the legislative election , girls are far more likely to be out of the next general election than 25 percent more than ever .
This water resources can make sure more every title apply credit for race sharing took on more than 14 million annually .


MLE pretraining epoch 68/80
train/nll                                @ write 68 = 1.9912

samples generated after 68 epochs
But true BBC guidance and substance abuse may well be politically correct the major league goals has emerged , and that would also be an important priority for this sport .
Now they can fight the lead down , so those other things are able to allow your help to have would they not get that people again .
It ' s not my business , well to talk about jobs and then young people is disappointed by angry and poor results , to all ethnic ' s schools , and it ' s me like you could get understanding , and focus on my skills .
While the women are alive and outside the UK , sex abuse are the first major regulators in America .
In reality and about seven , 000 people in the UK has said no , black people should be allowed to wear body cameras .


MLE pretraining epoch 69/80
train/nll                                @ write 69 = 1.9904

test/oracle_nll                          @ write 69 = 2.2558
test/nll                                 @ write 69 = 2.0205

samples generated after 69 epochs
Chris and golf have already been returned when he was told , told I said that he is trying to put them on a wrong job .
He killed three families who attended a funeral but had been sent to officers later in the day , attacked within hours .
I could not easily afford the music because when Phil need to be destroyed , it meant that I would hurt it .
He was out only about 8 to 14 or 29 , as a man has taken to hospital , even being involved in the R A E .
He believes that and is the only candidate who ' s returned about and to think about a real reason for the future .


saved 1 models
MLE pretraining epoch 70/80
train/nll                                @ write 70 = 1.9893

samples generated after 70 epochs
But break the previous season , Murphy has now been convicted of more than 10 years because to be highly angry .
It was a quiet weekend to go out and work and get in the game at night , he said .
Now it ' s 25 years old ' s history side year , and we feel every day have begun to prepare for most of their life .
We already know that we don ' t know what it ' s like that ' s got to change what ' s possible .
He told the Independent The Washington Post ' s life is at least partly because there have been no security issues .


MLE pretraining epoch 71/80
train/nll                                @ write 71 = 1.9885

test/oracle_nll                          @ write 71 = 2.2430
test/nll                                 @ write 71 = 2.0206

samples generated after 71 epochs
Obama repeated this New York in a changing country where it will live to the the Pacific and assume that Americans are watching on social media especially in world shortly .
Speaking in London in February , she said both Brexit is clear , even if Labour will not say when they will hear their case on 23 December .
At the start of the year to account it was normally they even never had a different approach from this kind of move , he said .
' One of her daughters was in tears and she asked about the lives of the Washington Post of but today and six .
It all is like violence in France , but I think that is true for people to vote for me .


MLE pretraining epoch 72/80
train/nll                                @ write 72 = 1.9874

samples generated after 72 epochs
The profits appeared to be kept secret at the core of the city ' s commitment to this four and raised security numbers and fines .
Even though we scored 40 points , it is right we are going to go into it , she said .
I didn ' t know how he was feeling , and I ' ve expected to announce that so , he said .
He is also looking to horse that currently got 100 and we could go a few behind that period in Rome .
We would urge anyone who has any information to contact police immediately to ensure that early investigations were reviewed again later this week , the statement added .


MLE pretraining epoch 73/80
train/nll                                @ write 73 = 1.9864

test/oracle_nll                          @ write 73 = 2.2433
test/nll                                 @ write 73 = 2.0193

samples generated after 73 epochs
11 after an upset about 70 per cent of British cooperation were taken through European Union countries , and in Asia in the past 10 years last year in the 1980s .
Whether I mean green and cable or media , Twitter is such a big difference after all , Clinton said .
A teenager on the other one of the Islamic State has been forced into custody in connection with the trial .
We will go on , an increasing majority of members of British workers , to care for them , saved their lives compared to the important US citizen for the rest of the world .
' Having offered to Cardiff the doctor has concluded what would matter if you are on anything like this , you can ' t control everything .


MLE pretraining epoch 74/80
train/nll                                @ write 74 = 1.9857

samples generated after 74 epochs
There is a separate top easier option for houses that could potentially cost the rolling upper house too much to fuel in order to make decisions on it .
We want to show that we hadn ' t found the right placed , and not everyone was nominated for no matter how much it was produced .
Nearly 80 of Americans who live in poverty rose in either way or reduce their state pension age , but the total number of sexual offences being driven in the military increased in 2015 , compared with 7 . 5 percent in 2015 , the official official said .
What experts say is little wonder Trump , and seriously Mr . Trump of the GOP front runner , was in the delegate count .
Their neighbours are working hard to get this done as I am a major priority , I think , or am on an exciting road when it comes off .


MLE pretraining epoch 75/80
train/nll                                @ write 75 = 1.9847

test/oracle_nll                          @ write 75 = 2.2634
test/nll                                 @ write 75 = 2.0192

samples generated after 75 epochs
We are tried to move in , that means that other industries in future could be supported by a reasonable margin of growth , unemployment , trading and lower tax rates also increased by all the way .
In addition to Brussels , the Interior Ministry said it would be clear for the next months to take up the process .
Oil prices slipped 18 per cent in late last year to rocket science , on 2014 and our rate prevent from the last five months .
Obama said a vital residence of any government will bring Israel in its peace process to ensure that Assad ' s presence in this country .
I am out on the planet , but I ' d have also to predict how I might hurt it , he says .


MLE pretraining epoch 76/80
train/nll                                @ write 76 = 1.9837

samples generated after 76 epochs
Yahoo has announced plans to spend a billion dollars to improve its position on the soft drinks industry , suggesting that mass of the city ' s health problem is entirely on its way .
A Home Office spokesman said an Queensland Government cannot place a majority in state consultation and protection , Turnbull said .
Trump ' s 1995 tax returns hosted next month when his presidential campaign raised questions about women as women who spend more money .
Yes , I could make it an issue for me because I ' ve come back and the R A can be aware of .
Obama and President Bill Clinton begin asking for mass drug use in the South China Sea , thanks to the strategy to build a wall along the border .


MLE pretraining epoch 77/80
train/nll                                @ write 77 = 1.9829

test/oracle_nll                          @ write 77 = 2.2714
test/nll                                 @ write 77 = 2.0194

samples generated after 77 epochs
We ' re just going to cover up our game and we want to support us , but I have them trying to win one of them .
I imagine you are putting this trigger in the UK ' s departure if you come here and working on that .
When you get a break , even as you say , that ' s an atmosphere you need to know from your experience , even though you ' re not finished , then you shouldn ' t be that many other people .
Although neither had nor was nominated if it was life , and we needed to turn it out with it , she said .
We would not get in there while he used to be international sanctions , if Russia got two points or two of us , he told the conference .


MLE pretraining epoch 78/80
train/nll                                @ write 78 = 1.9820

samples generated after 78 epochs
I watched it last night round and we couldn ' t turn up a whole lot of bigger guys a few weeks ago .
I don ' t think they ' re going to hurt the airlines that haven ' t got more buildings models to think about it , he says .
It ' s all about basketball , and if you get a quick mix , you ' re competing for that , it adds .
I could face down the prospect of losing my job , and this year remains in part of the contract , King told Reuters on Monday .
Just four months ago , shows me a little bit on , but wants to give our team the chance to play on a competitive level .


MLE pretraining epoch 79/80
train/nll                                @ write 79 = 1.9812

test/oracle_nll                          @ write 79 = 2.2556
test/nll                                 @ write 79 = 2.0178

samples generated after 79 epochs
The Ministry of Justice has submitted seven to 100 years of research into the recommendations of a Judge or Tony Abbott County Executive opposition group , another winter has had been announced , although many believe the government believes that gun control will hurt its full range of measures .
The firm will keep providing the forecast for 2016 , as investors haven ' t reached 100 and so believe that brands that should have been dealt with it .
The campaign funds did not actually come into effect in August when Clinton was at a high price for the convention .
It didn ' t necessarily want to have her worth that or would not have grown up to me , ' he said .
By the point I ' ll overcome next year , to act on this team and to win the next game .


saved 1 models
transfered weights from generator to discriminator
ADV training epoch 0
train/P(real)                            @ write 80 = 0.5004
train/P(fake)                            @ write 80 = 0.4971
train/Disc Loss                          @ write 80 = 0.6986
train/Critic Loss                        @ write 80 = 38.4972

samples generated after 0 epochs
Only one of those friends will be taken for similar cyber fears with their parents having not yet .
I can imagine a roll call for asylum seekers if I don ' t go for the money for the most part in modern society .
I know there is an overwhelming number of people working in you , and no matter how much you are asking what it means , Johnson said .
You just walk into your car over almost every weekend , so we can get to the bottom of the page of what is happening in the Earth around there .
They are on fire in Australia , and says the 1 million signing up here will be moved into an agreement .


ADV training epoch 1
Traceback (most recent call last):
  File "main.py", line 171, in <module>
    apply_loss(optimizer_gen, gen_loss, clip_norm=args.grad_clip)
  File "/home/optimass/OnExposureBias/utils.py", line 193, in apply_loss
    loss.backward(retain_graph=retain_graph)
  File "/home/optimass/torch/lib/python3.6/site-packages/torch/tensor.py", line 93, in backward
    torch.autograd.backward(self, gradient, retain_graph, create_graph)
  File "/home/optimass/torch/lib/python3.6/site-packages/torch/autograd/__init__.py", line 90, in backward
    allow_unreachable=True)  # allow_unreachable flag
RuntimeError: CUDA error: out of memory
